{"meta": {"format": 3, "version": "7.12.0", "timestamp": "2025-11-23T11:08:17.866823", "branch_coverage": false, "show_contexts": false}, "files": {"core\\__init__.py": {"executed_lines": [1, 7, 10, 11, 12, 13, 14, 17, 18, 21, 22, 23, 24, 25, 28, 30], "summary": {"covered_lines": 15, "num_statements": 15, "percent_covered": 100.0, "percent_covered_display": "100", "missing_lines": 0, "excluded_lines": 0, "percent_statements_covered": 100.0, "percent_statements_covered_display": "100"}, "missing_lines": [], "excluded_lines": [], "functions": {"": {"executed_lines": [1, 7, 10, 11, 12, 13, 14, 17, 18, 21, 22, 23, 24, 25, 28, 30], "summary": {"covered_lines": 15, "num_statements": 15, "percent_covered": 100.0, "percent_covered_display": "100", "missing_lines": 0, "excluded_lines": 0, "percent_statements_covered": 100.0, "percent_statements_covered_display": "100"}, "missing_lines": [], "excluded_lines": []}}, "classes": {"": {"executed_lines": [1, 7, 10, 11, 12, 13, 14, 17, 18, 21, 22, 23, 24, 25, 28, 30], "summary": {"covered_lines": 15, "num_statements": 15, "percent_covered": 100.0, "percent_covered_display": "100", "missing_lines": 0, "excluded_lines": 0, "percent_statements_covered": 100.0, "percent_statements_covered_display": "100"}, "missing_lines": [], "excluded_lines": []}}}, "core\\audio_manager.py": {"executed_lines": [1, 8, 9, 10, 11, 14, 15, 22, 24, 25, 26, 29, 32, 34, 36, 37, 38, 43, 50, 51, 53, 54, 55, 56, 59, 61, 67, 69, 72, 74, 75, 78, 84, 94, 95, 98, 101, 103, 104, 106, 116, 117, 120, 121, 124, 126, 127, 129, 139, 140, 145, 147, 148, 150, 160, 161, 164, 166, 167, 169, 179, 181, 182, 189, 191, 192, 194, 204, 207, 209, 210, 212, 219, 221, 228, 230, 237, 239, 246, 248, 255, 257, 264, 266, 273, 275, 282, 284, 316, 342, 348, 354, 360, 367, 369, 371, 390, 397, 410, 411, 412, 419, 421, 428, 430, 432, 433, 434, 435, 439], "summary": {"covered_lines": 108, "num_statements": 159, "percent_covered": 67.9245283018868, "percent_covered_display": "68", "missing_lines": 51, "excluded_lines": 0, "percent_statements_covered": 67.9245283018868, "percent_statements_covered_display": "68"}, "missing_lines": [63, 64, 65, 70, 81, 82, 185, 186, 295, 296, 298, 299, 302, 303, 305, 307, 308, 310, 312, 313, 314, 327, 328, 330, 331, 332, 333, 335, 336, 338, 339, 340, 344, 345, 346, 350, 351, 352, 356, 357, 358, 368, 378, 379, 381, 382, 383, 386, 387, 388, 413], "excluded_lines": [], "functions": {"AudioManager.__init__": {"executed_lines": [24, 25, 26, 29, 32], "summary": {"covered_lines": 5, "num_statements": 5, "percent_covered": 100.0, "percent_covered_display": "100", "missing_lines": 0, "excluded_lines": 0, "percent_statements_covered": 100.0, "percent_statements_covered_display": "100"}, "missing_lines": [], "excluded_lines": []}, "AudioManager.load_settings": {"executed_lines": [36, 37, 38], "summary": {"covered_lines": 3, "num_statements": 3, "percent_covered": 100.0, "percent_covered_display": "100", "missing_lines": 0, "excluded_lines": 0, "percent_statements_covered": 100.0, "percent_statements_covered_display": "100"}, "missing_lines": [], "excluded_lines": []}, "AudioManager.initialize_audio": {"executed_lines": [50, 51, 53, 54, 55, 56, 59, 61], "summary": {"covered_lines": 8, "num_statements": 11, "percent_covered": 72.72727272727273, "percent_covered_display": "73", "missing_lines": 3, "excluded_lines": 0, "percent_statements_covered": 72.72727272727273, "percent_statements_covered_display": "73"}, "missing_lines": [63, 64, 65], "excluded_lines": []}, "AudioManager.apply_volume_settings": {"executed_lines": [69, 72, 74, 75, 78], "summary": {"covered_lines": 5, "num_statements": 8, "percent_covered": 62.5, "percent_covered_display": "62", "missing_lines": 3, "excluded_lines": 0, "percent_statements_covered": 62.5, "percent_statements_covered_display": "62"}, "missing_lines": [70, 81, 82], "excluded_lines": []}, "AudioManager.set_master_volume": {"executed_lines": [94, 95, 98, 101, 103, 104], "summary": {"covered_lines": 6, "num_statements": 6, "percent_covered": 100.0, "percent_covered_display": "100", "missing_lines": 0, "excluded_lines": 0, "percent_statements_covered": 100.0, "percent_statements_covered_display": "100"}, "missing_lines": [], "excluded_lines": []}, "AudioManager.set_music_volume": {"executed_lines": [116, 117, 120, 121, 124, 126, 127], "summary": {"covered_lines": 7, "num_statements": 7, "percent_covered": 100.0, "percent_covered_display": "100", "missing_lines": 0, "excluded_lines": 0, "percent_statements_covered": 100.0, "percent_statements_covered_display": "100"}, "missing_lines": [], "excluded_lines": []}, "AudioManager.set_sfx_volume": {"executed_lines": [139, 140, 145, 147, 148], "summary": {"covered_lines": 5, "num_statements": 5, "percent_covered": 100.0, "percent_covered_display": "100", "missing_lines": 0, "excluded_lines": 0, "percent_statements_covered": 100.0, "percent_statements_covered_display": "100"}, "missing_lines": [], "excluded_lines": []}, "AudioManager.set_voice_volume": {"executed_lines": [160, 161, 164, 166, 167], "summary": {"covered_lines": 5, "num_statements": 5, "percent_covered": 100.0, "percent_covered_display": "100", "missing_lines": 0, "excluded_lines": 0, "percent_statements_covered": 100.0, "percent_statements_covered_display": "100"}, "missing_lines": [], "excluded_lines": []}, "AudioManager.toggle_audio": {"executed_lines": [179, 181, 182, 189, 191, 192], "summary": {"covered_lines": 6, "num_statements": 8, "percent_covered": 75.0, "percent_covered_display": "75", "missing_lines": 2, "excluded_lines": 0, "percent_statements_covered": 75.0, "percent_statements_covered_display": "75"}, "missing_lines": [185, 186], "excluded_lines": []}, "AudioManager.toggle_mute_when_inactive": {"executed_lines": [204, 207, 209, 210], "summary": {"covered_lines": 4, "num_statements": 4, "percent_covered": 100.0, "percent_covered_display": "100", "missing_lines": 0, "excluded_lines": 0, "percent_statements_covered": 100.0, "percent_statements_covered_display": "100"}, "missing_lines": [], "excluded_lines": []}, "AudioManager.get_master_volume": {"executed_lines": [219], "summary": {"covered_lines": 1, "num_statements": 1, "percent_covered": 100.0, "percent_covered_display": "100", "missing_lines": 0, "excluded_lines": 0, "percent_statements_covered": 100.0, "percent_statements_covered_display": "100"}, "missing_lines": [], "excluded_lines": []}, "AudioManager.get_music_volume": {"executed_lines": [228], "summary": {"covered_lines": 1, "num_statements": 1, "percent_covered": 100.0, "percent_covered_display": "100", "missing_lines": 0, "excluded_lines": 0, "percent_statements_covered": 100.0, "percent_statements_covered_display": "100"}, "missing_lines": [], "excluded_lines": []}, "AudioManager.get_sfx_volume": {"executed_lines": [237], "summary": {"covered_lines": 1, "num_statements": 1, "percent_covered": 100.0, "percent_covered_display": "100", "missing_lines": 0, "excluded_lines": 0, "percent_statements_covered": 100.0, "percent_statements_covered_display": "100"}, "missing_lines": [], "excluded_lines": []}, "AudioManager.get_voice_volume": {"executed_lines": [246], "summary": {"covered_lines": 1, "num_statements": 1, "percent_covered": 100.0, "percent_covered_display": "100", "missing_lines": 0, "excluded_lines": 0, "percent_statements_covered": 100.0, "percent_statements_covered_display": "100"}, "missing_lines": [], "excluded_lines": []}, "AudioManager.is_audio_enabled": {"executed_lines": [255], "summary": {"covered_lines": 1, "num_statements": 1, "percent_covered": 100.0, "percent_covered_display": "100", "missing_lines": 0, "excluded_lines": 0, "percent_statements_covered": 100.0, "percent_statements_covered_display": "100"}, "missing_lines": [], "excluded_lines": []}, "AudioManager.is_mute_when_inactive": {"executed_lines": [264], "summary": {"covered_lines": 1, "num_statements": 1, "percent_covered": 100.0, "percent_covered_display": "100", "missing_lines": 0, "excluded_lines": 0, "percent_statements_covered": 100.0, "percent_statements_covered_display": "100"}, "missing_lines": [], "excluded_lines": []}, "AudioManager.get_effective_music_volume": {"executed_lines": [273], "summary": {"covered_lines": 1, "num_statements": 1, "percent_covered": 100.0, "percent_covered_display": "100", "missing_lines": 0, "excluded_lines": 0, "percent_statements_covered": 100.0, "percent_statements_covered_display": "100"}, "missing_lines": [], "excluded_lines": []}, "AudioManager.get_effective_sfx_volume": {"executed_lines": [282], "summary": {"covered_lines": 1, "num_statements": 1, "percent_covered": 100.0, "percent_covered_display": "100", "missing_lines": 0, "excluded_lines": 0, "percent_statements_covered": 100.0, "percent_statements_covered_display": "100"}, "missing_lines": [], "excluded_lines": []}, "AudioManager.play_sound": {"executed_lines": [], "summary": {"covered_lines": 0, "num_statements": 13, "percent_covered": 0.0, "percent_covered_display": "0", "missing_lines": 13, "excluded_lines": 0, "percent_statements_covered": 0.0, "percent_statements_covered_display": "0"}, "missing_lines": [295, 296, 298, 299, 302, 303, 305, 307, 308, 310, 312, 313, 314], "excluded_lines": []}, "AudioManager.play_music": {"executed_lines": [], "summary": {"covered_lines": 0, "num_statements": 11, "percent_covered": 0.0, "percent_covered_display": "0", "missing_lines": 11, "excluded_lines": 0, "percent_statements_covered": 0.0, "percent_statements_covered_display": "0"}, "missing_lines": [327, 328, 330, 331, 332, 333, 335, 336, 338, 339, 340], "excluded_lines": []}, "AudioManager.stop_music": {"executed_lines": [], "summary": {"covered_lines": 0, "num_statements": 3, "percent_covered": 0.0, "percent_covered_display": "0", "missing_lines": 3, "excluded_lines": 0, "percent_statements_covered": 0.0, "percent_statements_covered_display": "0"}, "missing_lines": [344, 345, 346], "excluded_lines": []}, "AudioManager.pause_music": {"executed_lines": [], "summary": {"covered_lines": 0, "num_statements": 3, "percent_covered": 0.0, "percent_covered_display": "0", "missing_lines": 3, "excluded_lines": 0, "percent_statements_covered": 0.0, "percent_statements_covered_display": "0"}, "missing_lines": [350, 351, 352], "excluded_lines": []}, "AudioManager.resume_music": {"executed_lines": [], "summary": {"covered_lines": 0, "num_statements": 3, "percent_covered": 0.0, "percent_covered_display": "0", "missing_lines": 3, "excluded_lines": 0, "percent_statements_covered": 0.0, "percent_statements_covered_display": "0"}, "missing_lines": [356, 357, 358], "excluded_lines": []}, "AudioManager.is_music_playing": {"executed_lines": [367, 369], "summary": {"covered_lines": 2, "num_statements": 3, "percent_covered": 66.66666666666667, "percent_covered_display": "67", "missing_lines": 1, "excluded_lines": 0, "percent_statements_covered": 66.66666666666667, "percent_statements_covered_display": "67"}, "missing_lines": [368], "excluded_lines": []}, "AudioManager.handle_window_focus": {"executed_lines": [], "summary": {"covered_lines": 0, "num_statements": 8, "percent_covered": 0.0, "percent_covered_display": "0", "missing_lines": 8, "excluded_lines": 0, "percent_statements_covered": 0.0, "percent_statements_covered_display": "0"}, "missing_lines": [378, 379, 381, 382, 383, 386, 387, 388], "excluded_lines": []}, "AudioManager.get_audio_info": {"executed_lines": [397, 410, 411, 412, 419, 421, 428], "summary": {"covered_lines": 7, "num_statements": 8, "percent_covered": 87.5, "percent_covered_display": "88", "missing_lines": 1, "excluded_lines": 0, "percent_statements_covered": 87.5, "percent_statements_covered_display": "88"}, "missing_lines": [413], "excluded_lines": []}, "AudioManager.reset_to_defaults": {"executed_lines": [432, 433, 434, 435], "summary": {"covered_lines": 4, "num_statements": 4, "percent_covered": 100.0, "percent_covered_display": "100", "missing_lines": 0, "excluded_lines": 0, "percent_statements_covered": 100.0, "percent_statements_covered_display": "100"}, "missing_lines": [], "excluded_lines": []}, "": {"executed_lines": [1, 8, 9, 10, 11, 14, 15, 22, 34, 43, 67, 84, 106, 129, 150, 169, 194, 212, 221, 230, 239, 248, 257, 266, 275, 284, 316, 342, 348, 354, 360, 371, 390, 430, 439], "summary": {"covered_lines": 33, "num_statements": 33, "percent_covered": 100.0, "percent_covered_display": "100", "missing_lines": 0, "excluded_lines": 0, "percent_statements_covered": 100.0, "percent_statements_covered_display": "100"}, "missing_lines": [], "excluded_lines": []}}, "classes": {"AudioManager": {"executed_lines": [24, 25, 26, 29, 32, 36, 37, 38, 50, 51, 53, 54, 55, 56, 59, 61, 69, 72, 74, 75, 78, 94, 95, 98, 101, 103, 104, 116, 117, 120, 121, 124, 126, 127, 139, 140, 145, 147, 148, 160, 161, 164, 166, 167, 179, 181, 182, 189, 191, 192, 204, 207, 209, 210, 219, 228, 237, 246, 255, 264, 273, 282, 367, 369, 397, 410, 411, 412, 419, 421, 428, 432, 433, 434, 435], "summary": {"covered_lines": 75, "num_statements": 126, "percent_covered": 59.523809523809526, "percent_covered_display": "60", "missing_lines": 51, "excluded_lines": 0, "percent_statements_covered": 59.523809523809526, "percent_statements_covered_display": "60"}, "missing_lines": [63, 64, 65, 70, 81, 82, 185, 186, 295, 296, 298, 299, 302, 303, 305, 307, 308, 310, 312, 313, 314, 327, 328, 330, 331, 332, 333, 335, 336, 338, 339, 340, 344, 345, 346, 350, 351, 352, 356, 357, 358, 368, 378, 379, 381, 382, 383, 386, 387, 388, 413], "excluded_lines": []}, "": {"executed_lines": [1, 8, 9, 10, 11, 14, 15, 22, 34, 43, 67, 84, 106, 129, 150, 169, 194, 212, 221, 230, 239, 248, 257, 266, 275, 284, 316, 342, 348, 354, 360, 371, 390, 430, 439], "summary": {"covered_lines": 33, "num_statements": 33, "percent_covered": 100.0, "percent_covered_display": "100", "missing_lines": 0, "excluded_lines": 0, "percent_statements_covered": 100.0, "percent_statements_covered_display": "100"}, "missing_lines": [], "excluded_lines": []}}}, "core\\auto_load_system.py": {"executed_lines": [1, 8, 9, 10, 11, 13, 17, 20, 21, 23, 24, 25, 26, 27, 30, 31, 32, 33, 35, 37, 38, 40, 41, 42, 51, 84, 87, 88, 91, 93, 96, 99, 100, 103, 104, 105, 108, 109, 113, 114, 115, 116, 124, 125, 131, 170, 200, 202, 209, 210, 213, 214, 217, 222, 233, 234, 239, 241, 244, 246, 248, 255, 256, 257, 258, 259, 278, 294], "summary": {"covered_lines": 66, "num_statements": 155, "percent_covered": 42.58064516129032, "percent_covered_display": "43", "missing_lines": 89, "excluded_lines": 0, "percent_statements_covered": 42.58064516129032, "percent_statements_covered_display": "43"}, "missing_lines": [44, 45, 47, 48, 49, 53, 54, 56, 57, 60, 62, 63, 66, 68, 69, 70, 72, 75, 77, 78, 80, 81, 82, 94, 101, 106, 110, 127, 128, 129, 134, 135, 138, 139, 142, 143, 145, 146, 147, 149, 150, 151, 152, 154, 155, 159, 162, 163, 165, 166, 167, 168, 173, 174, 176, 179, 182, 183, 184, 187, 188, 189, 190, 192, 193, 195, 196, 197, 198, 215, 219, 236, 237, 250, 251, 252, 260, 261, 264, 265, 266, 267, 269, 270, 271, 274, 275, 276, 280], "excluded_lines": [], "functions": {"AutoLoadSystem.__init__": {"executed_lines": [24, 25, 26, 27, 30, 31, 32, 33], "summary": {"covered_lines": 8, "num_statements": 8, "percent_covered": 100.0, "percent_covered_display": "100", "missing_lines": 0, "excluded_lines": 0, "percent_statements_covered": 100.0, "percent_statements_covered_display": "100"}, "missing_lines": [], "excluded_lines": []}, "AutoLoadSystem.check_for_save_file": {"executed_lines": [37, 38, 40, 41, 42], "summary": {"covered_lines": 5, "num_statements": 10, "percent_covered": 50.0, "percent_covered_display": "50", "missing_lines": 5, "excluded_lines": 0, "percent_statements_covered": 50.0, "percent_statements_covered_display": "50"}, "missing_lines": [44, 45, 47, 48, 49], "excluded_lines": []}, "AutoLoadSystem.validate_save_file": {"executed_lines": [], "summary": {"covered_lines": 0, "num_statements": 18, "percent_covered": 0.0, "percent_covered_display": "0", "missing_lines": 18, "excluded_lines": 0, "percent_statements_covered": 0.0, "percent_statements_covered_display": "0"}, "missing_lines": [53, 54, 56, 57, 60, 62, 63, 66, 68, 69, 70, 72, 75, 77, 78, 80, 81, 82], "excluded_lines": []}, "AutoLoadSystem.restore_game_state": {"executed_lines": [87, 88, 91, 93, 96, 99, 100, 103, 104, 105, 108, 109, 113, 114, 115, 116, 124, 125], "summary": {"covered_lines": 18, "num_statements": 25, "percent_covered": 72.0, "percent_covered_display": "72", "missing_lines": 7, "excluded_lines": 0, "percent_statements_covered": 72.0, "percent_statements_covered_display": "72"}, "missing_lines": [94, 101, 106, 110, 127, 128, 129], "excluded_lines": []}, "AutoLoadSystem.handle_corrupted_save": {"executed_lines": [], "summary": {"covered_lines": 0, "num_statements": 22, "percent_covered": 0.0, "percent_covered_display": "0", "missing_lines": 22, "excluded_lines": 0, "percent_statements_covered": 0.0, "percent_statements_covered_display": "0"}, "missing_lines": [134, 135, 138, 139, 142, 143, 145, 146, 147, 149, 150, 151, 152, 154, 155, 159, 162, 163, 165, 166, 167, 168], "excluded_lines": []}, "AutoLoadSystem.create_new_game": {"executed_lines": [], "summary": {"covered_lines": 0, "num_statements": 17, "percent_covered": 0.0, "percent_covered_display": "0", "missing_lines": 17, "excluded_lines": 0, "percent_statements_covered": 0.0, "percent_statements_covered_display": "0"}, "missing_lines": [173, 174, 176, 179, 182, 183, 184, 187, 188, 189, 190, 192, 193, 195, 196, 197, 198], "excluded_lines": []}, "AutoLoadSystem.notify_user": {"executed_lines": [202, 209, 210, 213, 214, 217, 222, 233, 234, 239], "summary": {"covered_lines": 10, "num_statements": 14, "percent_covered": 71.42857142857143, "percent_covered_display": "71", "missing_lines": 4, "excluded_lines": 0, "percent_statements_covered": 71.42857142857143, "percent_statements_covered_display": "71"}, "missing_lines": [215, 219, 236, 237], "excluded_lines": []}, "AutoLoadSystem.auto_load": {"executed_lines": [244, 246, 248, 255, 256, 257, 258, 259], "summary": {"covered_lines": 8, "num_statements": 23, "percent_covered": 34.78260869565217, "percent_covered_display": "35", "missing_lines": 15, "excluded_lines": 0, "percent_statements_covered": 34.78260869565217, "percent_statements_covered_display": "35"}, "missing_lines": [250, 251, 252, 260, 261, 264, 265, 266, 267, 269, 270, 271, 274, 275, 276], "excluded_lines": []}, "AutoLoadSystem.get_load_status": {"executed_lines": [], "summary": {"covered_lines": 0, "num_statements": 1, "percent_covered": 0.0, "percent_covered_display": "0", "missing_lines": 1, "excluded_lines": 0, "percent_statements_covered": 0.0, "percent_statements_covered_display": "0"}, "missing_lines": [280], "excluded_lines": []}, "": {"executed_lines": [1, 8, 9, 10, 11, 13, 17, 20, 21, 23, 35, 51, 84, 131, 170, 200, 241, 278, 294], "summary": {"covered_lines": 17, "num_statements": 17, "percent_covered": 100.0, "percent_covered_display": "100", "missing_lines": 0, "excluded_lines": 0, "percent_statements_covered": 100.0, "percent_statements_covered_display": "100"}, "missing_lines": [], "excluded_lines": []}}, "classes": {"AutoLoadSystem": {"executed_lines": [24, 25, 26, 27, 30, 31, 32, 33, 37, 38, 40, 41, 42, 87, 88, 91, 93, 96, 99, 100, 103, 104, 105, 108, 109, 113, 114, 115, 116, 124, 125, 202, 209, 210, 213, 214, 217, 222, 233, 234, 239, 244, 246, 248, 255, 256, 257, 258, 259], "summary": {"covered_lines": 49, "num_statements": 138, "percent_covered": 35.507246376811594, "percent_covered_display": "36", "missing_lines": 89, "excluded_lines": 0, "percent_statements_covered": 35.507246376811594, "percent_statements_covered_display": "36"}, "missing_lines": [44, 45, 47, 48, 49, 53, 54, 56, 57, 60, 62, 63, 66, 68, 69, 70, 72, 75, 77, 78, 80, 81, 82, 94, 101, 106, 110, 127, 128, 129, 134, 135, 138, 139, 142, 143, 145, 146, 147, 149, 150, 151, 152, 154, 155, 159, 162, 163, 165, 166, 167, 168, 173, 174, 176, 179, 182, 183, 184, 187, 188, 189, 190, 192, 193, 195, 196, 197, 198, 215, 219, 236, 237, 250, 251, 252, 260, 261, 264, 265, 266, 267, 269, 270, 271, 274, 275, 276, 280], "excluded_lines": []}, "": {"executed_lines": [1, 8, 9, 10, 11, 13, 17, 20, 21, 23, 35, 51, 84, 131, 170, 200, 241, 278, 294], "summary": {"covered_lines": 17, "num_statements": 17, "percent_covered": 100.0, "percent_covered_display": "100", "missing_lines": 0, "excluded_lines": 0, "percent_statements_covered": 100.0, "percent_statements_covered_display": "100"}, "missing_lines": [], "excluded_lines": []}}}, "core\\config.py": {"executed_lines": [1, 8, 9, 10, 11, 12, 13, 16, 17, 18, 19, 20, 21, 22, 23, 24, 26, 28, 30, 36, 37, 38, 39, 40, 41, 42, 43, 44, 46, 48, 50, 52, 55, 56, 57, 58, 59, 60, 61, 63, 65, 66, 88, 89, 90, 91, 92, 93, 94, 95, 96, 98, 109, 110, 111, 112, 113, 114, 115, 116, 117, 118, 120, 122, 123, 126, 127, 128, 129, 130, 131, 132, 133, 134, 137, 138, 139, 140, 141, 142, 143, 144, 145, 148, 149, 150, 151, 152, 153, 154, 157, 158, 159, 160, 161, 162, 163, 164, 165, 166, 167, 169, 171, 172, 173, 174, 175, 176, 177, 178, 179, 180, 181, 182, 183, 184, 185, 186, 189, 190, 192, 200, 201, 202, 203, 206, 209, 211, 218, 219, 220, 221, 224, 225, 235, 237, 244, 245, 250, 253, 254, 256, 257, 258, 260, 261, 263, 264, 270, 277, 279, 281, 283, 284, 285, 287, 315, 344, 355, 356, 357, 358, 359, 360, 361, 362, 365, 366, 367, 368, 369, 370, 371, 372, 374, 387], "summary": {"covered_lines": 165, "num_statements": 208, "percent_covered": 79.32692307692308, "percent_covered_display": "79", "missing_lines": 43, "excluded_lines": 0, "percent_statements_covered": 79.32692307692308, "percent_statements_covered_display": "79"}, "missing_lines": [32, 33, 100, 106, 227, 228, 229, 231, 232, 233, 246, 247, 266, 267, 268, 278, 297, 298, 299, 301, 302, 304, 305, 306, 308, 309, 311, 312, 313, 325, 326, 327, 328, 329, 331, 332, 334, 335, 337, 338, 340, 341, 342], "excluded_lines": [], "functions": {"GraphicsSettings.get_resolution": {"executed_lines": [28], "summary": {"covered_lines": 1, "num_statements": 1, "percent_covered": 100.0, "percent_covered_display": "100", "missing_lines": 0, "excluded_lines": 0, "percent_statements_covered": 100.0, "percent_statements_covered_display": "100"}, "missing_lines": [], "excluded_lines": []}, "GraphicsSettings.set_resolution": {"executed_lines": [], "summary": {"covered_lines": 0, "num_statements": 2, "percent_covered": 0.0, "percent_covered_display": "0", "missing_lines": 2, "excluded_lines": 0, "percent_statements_covered": 0.0, "percent_statements_covered_display": "0"}, "missing_lines": [32, 33], "excluded_lines": []}, "AudioSettings.get_music_volume": {"executed_lines": [48], "summary": {"covered_lines": 1, "num_statements": 1, "percent_covered": 100.0, "percent_covered_display": "100", "missing_lines": 0, "excluded_lines": 0, "percent_statements_covered": 100.0, "percent_statements_covered_display": "100"}, "missing_lines": [], "excluded_lines": []}, "AudioSettings.get_sfx_volume": {"executed_lines": [52], "summary": {"covered_lines": 1, "num_statements": 1, "percent_covered": 100.0, "percent_covered_display": "100", "missing_lines": 0, "excluded_lines": 0, "percent_statements_covered": 100.0, "percent_statements_covered_display": "100"}, "missing_lines": [], "excluded_lines": []}, "ControlSettings.__post_init__": {"executed_lines": [65, 66], "summary": {"covered_lines": 2, "num_statements": 2, "percent_covered": 100.0, "percent_covered_display": "100", "missing_lines": 0, "excluded_lines": 0, "percent_statements_covered": 100.0, "percent_statements_covered_display": "100"}, "missing_lines": [], "excluded_lines": []}, "DifficultySettings.get_race_speed": {"executed_lines": [], "summary": {"covered_lines": 0, "num_statements": 2, "percent_covered": 0.0, "percent_covered_display": "0", "missing_lines": 2, "excluded_lines": 0, "percent_statements_covered": 0.0, "percent_statements_covered_display": "0"}, "missing_lines": [100, 106], "excluded_lines": []}, "PlayerProfile.__post_init__": {"executed_lines": [122, 123], "summary": {"covered_lines": 2, "num_statements": 2, "percent_covered": 100.0, "percent_covered_display": "100", "missing_lines": 0, "excluded_lines": 0, "percent_statements_covered": 100.0, "percent_statements_covered_display": "100"}, "missing_lines": [], "excluded_lines": []}, "GameConfig.__post_init__": {"executed_lines": [171, 172, 173, 174, 175, 176, 177, 178, 179, 180, 181, 182, 183, 184, 185, 186], "summary": {"covered_lines": 16, "num_statements": 16, "percent_covered": 100.0, "percent_covered_display": "100", "missing_lines": 0, "excluded_lines": 0, "percent_statements_covered": 100.0, "percent_statements_covered_display": "100"}, "missing_lines": [], "excluded_lines": []}, "ConfigManager.__init__": {"executed_lines": [200, 201, 202, 203, 206, 209], "summary": {"covered_lines": 6, "num_statements": 6, "percent_covered": 100.0, "percent_covered_display": "100", "missing_lines": 0, "excluded_lines": 0, "percent_statements_covered": 100.0, "percent_statements_covered_display": "100"}, "missing_lines": [], "excluded_lines": []}, "ConfigManager.load_config": {"executed_lines": [218, 219, 220, 221, 224, 225, 235], "summary": {"covered_lines": 7, "num_statements": 13, "percent_covered": 53.84615384615385, "percent_covered_display": "54", "missing_lines": 6, "excluded_lines": 0, "percent_statements_covered": 53.84615384615385, "percent_statements_covered_display": "54"}, "missing_lines": [227, 228, 229, 231, 232, 233], "excluded_lines": []}, "ConfigManager.save_config": {"executed_lines": [244, 245, 250, 253, 254, 256, 257, 258, 260, 261, 263, 264], "summary": {"covered_lines": 12, "num_statements": 17, "percent_covered": 70.58823529411765, "percent_covered_display": "71", "missing_lines": 5, "excluded_lines": 0, "percent_statements_covered": 70.58823529411765, "percent_statements_covered_display": "71"}, "missing_lines": [246, 247, 266, 267, 268], "excluded_lines": []}, "ConfigManager.get_config": {"executed_lines": [277, 279], "summary": {"covered_lines": 2, "num_statements": 3, "percent_covered": 66.66666666666667, "percent_covered_display": "67", "missing_lines": 1, "excluded_lines": 0, "percent_statements_covered": 66.66666666666667, "percent_statements_covered_display": "67"}, "missing_lines": [278], "excluded_lines": []}, "ConfigManager.reset_to_defaults": {"executed_lines": [283, 284, 285], "summary": {"covered_lines": 3, "num_statements": 3, "percent_covered": 100.0, "percent_covered_display": "100", "missing_lines": 0, "excluded_lines": 0, "percent_statements_covered": 100.0, "percent_statements_covered_display": "100"}, "missing_lines": [], "excluded_lines": []}, "ConfigManager.export_config": {"executed_lines": [], "summary": {"covered_lines": 0, "num_statements": 13, "percent_covered": 0.0, "percent_covered_display": "0", "missing_lines": 13, "excluded_lines": 0, "percent_statements_covered": 0.0, "percent_statements_covered_display": "0"}, "missing_lines": [297, 298, 299, 301, 302, 304, 305, 306, 308, 309, 311, 312, 313], "excluded_lines": []}, "ConfigManager.import_config": {"executed_lines": [], "summary": {"covered_lines": 0, "num_statements": 14, "percent_covered": 0.0, "percent_covered_display": "0", "missing_lines": 14, "excluded_lines": 0, "percent_statements_covered": 0.0, "percent_statements_covered_display": "0"}, "missing_lines": [325, 326, 327, 328, 329, 331, 332, 334, 335, 337, 338, 340, 341, 342], "excluded_lines": []}, "ConfigManager._dict_to_config": {"executed_lines": [355, 356, 357, 358, 359, 360, 361, 362, 365, 366, 367, 368, 369, 370, 371, 372, 374], "summary": {"covered_lines": 17, "num_statements": 17, "percent_covered": 100.0, "percent_covered_display": "100", "missing_lines": 0, "excluded_lines": 0, "percent_statements_covered": 100.0, "percent_statements_covered_display": "100"}, "missing_lines": [], "excluded_lines": []}, "": {"executed_lines": [1, 8, 9, 10, 11, 12, 13, 16, 17, 18, 19, 20, 21, 22, 23, 24, 26, 30, 36, 37, 38, 39, 40, 41, 42, 43, 44, 46, 50, 55, 56, 57, 58, 59, 60, 61, 63, 88, 89, 90, 91, 92, 93, 94, 95, 96, 98, 109, 110, 111, 112, 113, 114, 115, 116, 117, 118, 120, 126, 127, 128, 129, 130, 131, 132, 133, 134, 137, 138, 139, 140, 141, 142, 143, 144, 145, 148, 149, 150, 151, 152, 153, 154, 157, 158, 159, 160, 161, 162, 163, 164, 165, 166, 167, 169, 189, 190, 192, 211, 237, 270, 281, 287, 315, 344, 387], "summary": {"covered_lines": 95, "num_statements": 95, "percent_covered": 100.0, "percent_covered_display": "100", "missing_lines": 0, "excluded_lines": 0, "percent_statements_covered": 100.0, "percent_statements_covered_display": "100"}, "missing_lines": [], "excluded_lines": []}}, "classes": {"GraphicsSettings": {"executed_lines": [28], "summary": {"covered_lines": 1, "num_statements": 3, "percent_covered": 33.333333333333336, "percent_covered_display": "33", "missing_lines": 2, "excluded_lines": 0, "percent_statements_covered": 33.333333333333336, "percent_statements_covered_display": "33"}, "missing_lines": [32, 33], "excluded_lines": []}, "AudioSettings": {"executed_lines": [48, 52], "summary": {"covered_lines": 2, "num_statements": 2, "percent_covered": 100.0, "percent_covered_display": "100", "missing_lines": 0, "excluded_lines": 0, "percent_statements_covered": 100.0, "percent_statements_covered_display": "100"}, "missing_lines": [], "excluded_lines": []}, "ControlSettings": {"executed_lines": [65, 66], "summary": {"covered_lines": 2, "num_statements": 2, "percent_covered": 100.0, "percent_covered_display": "100", "missing_lines": 0, "excluded_lines": 0, "percent_statements_covered": 100.0, "percent_statements_covered_display": "100"}, "missing_lines": [], "excluded_lines": []}, "DifficultySettings": {"executed_lines": [], "summary": {"covered_lines": 0, "num_statements": 2, "percent_covered": 0.0, "percent_covered_display": "0", "missing_lines": 2, "excluded_lines": 0, "percent_statements_covered": 0.0, "percent_statements_covered_display": "0"}, "missing_lines": [100, 106], "excluded_lines": []}, "PlayerProfile": {"executed_lines": [122, 123], "summary": {"covered_lines": 2, "num_statements": 2, "percent_covered": 100.0, "percent_covered_display": "100", "missing_lines": 0, "excluded_lines": 0, "percent_statements_covered": 100.0, "percent_statements_covered_display": "100"}, "missing_lines": [], "excluded_lines": []}, "UITheme": {"executed_lines": [], "summary": {"covered_lines": 0, "num_statements": 0, "percent_covered": 100.0, "percent_covered_display": "100", "missing_lines": 0, "excluded_lines": 0, "percent_statements_covered": 100.0, "percent_statements_covered_display": "100"}, "missing_lines": [], "excluded_lines": []}, "AccessibilitySettings": {"executed_lines": [], "summary": {"covered_lines": 0, "num_statements": 0, "percent_covered": 100.0, "percent_covered_display": "100", "missing_lines": 0, "excluded_lines": 0, "percent_statements_covered": 100.0, "percent_statements_covered_display": "100"}, "missing_lines": [], "excluded_lines": []}, "PrivacySettings": {"executed_lines": [], "summary": {"covered_lines": 0, "num_statements": 0, "percent_covered": 100.0, "percent_covered_display": "100", "missing_lines": 0, "excluded_lines": 0, "percent_statements_covered": 100.0, "percent_statements_covered_display": "100"}, "missing_lines": [], "excluded_lines": []}, "GameConfig": {"executed_lines": [171, 172, 173, 174, 175, 176, 177, 178, 179, 180, 181, 182, 183, 184, 185, 186], "summary": {"covered_lines": 16, "num_statements": 16, "percent_covered": 100.0, "percent_covered_display": "100", "missing_lines": 0, "excluded_lines": 0, "percent_statements_covered": 100.0, "percent_statements_covered_display": "100"}, "missing_lines": [], "excluded_lines": []}, "ConfigManager": {"executed_lines": [200, 201, 202, 203, 206, 209, 218, 219, 220, 221, 224, 225, 235, 244, 245, 250, 253, 254, 256, 257, 258, 260, 261, 263, 264, 277, 279, 283, 284, 285, 355, 356, 357, 358, 359, 360, 361, 362, 365, 366, 367, 368, 369, 370, 371, 372, 374], "summary": {"covered_lines": 47, "num_statements": 86, "percent_covered": 54.651162790697676, "percent_covered_display": "55", "missing_lines": 39, "excluded_lines": 0, "percent_statements_covered": 54.651162790697676, "percent_statements_covered_display": "55"}, "missing_lines": [227, 228, 229, 231, 232, 233, 246, 247, 266, 267, 268, 278, 297, 298, 299, 301, 302, 304, 305, 306, 308, 309, 311, 312, 313, 325, 326, 327, 328, 329, 331, 332, 334, 335, 337, 338, 340, 341, 342], "excluded_lines": []}, "": {"executed_lines": [1, 8, 9, 10, 11, 12, 13, 16, 17, 18, 19, 20, 21, 22, 23, 24, 26, 30, 36, 37, 38, 39, 40, 41, 42, 43, 44, 46, 50, 55, 56, 57, 58, 59, 60, 61, 63, 88, 89, 90, 91, 92, 93, 94, 95, 96, 98, 109, 110, 111, 112, 113, 114, 115, 116, 117, 118, 120, 126, 127, 128, 129, 130, 131, 132, 133, 134, 137, 138, 139, 140, 141, 142, 143, 144, 145, 148, 149, 150, 151, 152, 153, 154, 157, 158, 159, 160, 161, 162, 163, 164, 165, 166, 167, 169, 189, 190, 192, 211, 237, 270, 281, 287, 315, 344, 387], "summary": {"covered_lines": 95, "num_statements": 95, "percent_covered": 100.0, "percent_covered_display": "100", "missing_lines": 0, "excluded_lines": 0, "percent_statements_covered": 100.0, "percent_statements_covered_display": "100"}, "missing_lines": [], "excluded_lines": []}}}, "core\\data\\__init__.py": {"executed_lines": [1, 9, 27, 30, 38, 41, 44, 47, 50], "summary": {"covered_lines": 8, "num_statements": 8, "percent_covered": 100.0, "percent_covered_display": "100", "missing_lines": 0, "excluded_lines": 0, "percent_statements_covered": 100.0, "percent_statements_covered_display": "100"}, "missing_lines": [], "excluded_lines": [], "functions": {"": {"executed_lines": [1, 9, 27, 30, 38, 41, 44, 47, 50], "summary": {"covered_lines": 8, "num_statements": 8, "percent_covered": 100.0, "percent_covered_display": "100", "missing_lines": 0, "excluded_lines": 0, "percent_statements_covered": 100.0, "percent_statements_covered_display": "100"}, "missing_lines": [], "excluded_lines": []}}, "classes": {"": {"executed_lines": [1, 9, 27, 30, 38, 41, 44, 47, 50], "summary": {"covered_lines": 8, "num_statements": 8, "percent_covered": 100.0, "percent_covered_display": "100", "missing_lines": 0, "excluded_lines": 0, "percent_statements_covered": 100.0, "percent_statements_covered_display": "100"}, "missing_lines": [], "excluded_lines": []}}}, "core\\data\\data_migration.py": {"executed_lines": [1, 8, 9, 10, 11, 13, 16, 17, 19, 20, 23, 30, 53, 78, 99, 125, 214, 263, 454, 461, 466, 478], "summary": {"covered_lines": 20, "num_statements": 114, "percent_covered": 17.54385964912281, "percent_covered_display": "18", "missing_lines": 94, "excluded_lines": 0, "percent_statements_covered": 17.54385964912281, "percent_statements_covered_display": "18"}, "missing_lines": [55, 56, 59, 60, 61, 64, 65, 67, 68, 69, 70, 72, 73, 74, 76, 81, 82, 85, 86, 88, 89, 90, 91, 93, 94, 95, 97, 101, 103, 104, 106, 108, 109, 111, 112, 115, 116, 118, 119, 121, 122, 123, 127, 130, 131, 132, 134, 135, 140, 143, 146, 147, 149, 150, 158, 160, 162, 192, 193, 212, 216, 219, 220, 221, 223, 224, 227, 228, 236, 237, 246, 249, 250, 253, 254, 261, 265, 270, 271, 274, 310, 311, 312, 389, 392, 446, 456, 457, 459, 463, 464, 468, 469, 471], "excluded_lines": [], "functions": {"DataMigrator.__init__": {"executed_lines": [20, 23, 30], "summary": {"covered_lines": 3, "num_statements": 3, "percent_covered": 100.0, "percent_covered_display": "100", "missing_lines": 0, "excluded_lines": 0, "percent_statements_covered": 100.0, "percent_statements_covered_display": "100"}, "missing_lines": [], "excluded_lines": []}, "DataMigrator.get_migration_path": {"executed_lines": [], "summary": {"covered_lines": 0, "num_statements": 15, "percent_covered": 0.0, "percent_covered_display": "0", "missing_lines": 15, "excluded_lines": 0, "percent_statements_covered": 0.0, "percent_statements_covered_display": "0"}, "missing_lines": [55, 56, 59, 60, 61, 64, 65, 67, 68, 69, 70, 72, 73, 74, 76], "excluded_lines": []}, "DataMigrator._find_next_migration": {"executed_lines": [], "summary": {"covered_lines": 0, "num_statements": 12, "percent_covered": 0.0, "percent_covered_display": "0", "missing_lines": 12, "excluded_lines": 0, "percent_statements_covered": 0.0, "percent_statements_covered_display": "0"}, "missing_lines": [81, 82, 85, 86, 88, 89, 90, 91, 93, 94, 95, 97], "excluded_lines": []}, "DataMigrator.migrate_data": {"executed_lines": [], "summary": {"covered_lines": 0, "num_statements": 15, "percent_covered": 0.0, "percent_covered_display": "0", "missing_lines": 15, "excluded_lines": 0, "percent_statements_covered": 0.0, "percent_statements_covered_display": "0"}, "missing_lines": [101, 103, 104, 106, 108, 109, 111, 112, 115, 116, 118, 119, 121, 122, 123], "excluded_lines": []}, "DataMigrator._migrate_2_1_0_to_2_2_0": {"executed_lines": [], "summary": {"covered_lines": 0, "num_statements": 18, "percent_covered": 0.0, "percent_covered_display": "0", "missing_lines": 18, "excluded_lines": 0, "percent_statements_covered": 0.0, "percent_statements_covered_display": "0"}, "missing_lines": [127, 130, 131, 132, 134, 135, 140, 143, 146, 147, 149, 150, 158, 160, 162, 192, 193, 212], "excluded_lines": []}, "DataMigrator._migrate_2_0_0_to_2_1_0": {"executed_lines": [], "summary": {"covered_lines": 0, "num_statements": 16, "percent_covered": 0.0, "percent_covered_display": "0", "missing_lines": 16, "excluded_lines": 0, "percent_statements_covered": 0.0, "percent_statements_covered_display": "0"}, "missing_lines": [216, 219, 220, 221, 223, 224, 227, 228, 236, 237, 246, 249, 250, 253, 254, 261], "excluded_lines": []}, "DataMigrator._migrate_1_0_0_to_2_0_0": {"executed_lines": [], "summary": {"covered_lines": 0, "num_statements": 10, "percent_covered": 0.0, "percent_covered_display": "0", "missing_lines": 10, "excluded_lines": 0, "percent_statements_covered": 0.0, "percent_statements_covered_display": "0"}, "missing_lines": [265, 270, 271, 274, 310, 311, 312, 389, 392, 446], "excluded_lines": []}, "DataMigrator.is_version_compatible": {"executed_lines": [], "summary": {"covered_lines": 0, "num_statements": 3, "percent_covered": 0.0, "percent_covered_display": "0", "missing_lines": 3, "excluded_lines": 0, "percent_statements_covered": 0.0, "percent_statements_covered_display": "0"}, "missing_lines": [456, 457, 459], "excluded_lines": []}, "DataMigrator.get_deprecated_fields": {"executed_lines": [], "summary": {"covered_lines": 0, "num_statements": 2, "percent_covered": 0.0, "percent_covered_display": "0", "missing_lines": 2, "excluded_lines": 0, "percent_statements_covered": 0.0, "percent_statements_covered_display": "0"}, "missing_lines": [463, 464], "excluded_lines": []}, "DataMigrator.needs_migration": {"executed_lines": [], "summary": {"covered_lines": 0, "num_statements": 3, "percent_covered": 0.0, "percent_covered_display": "0", "missing_lines": 3, "excluded_lines": 0, "percent_statements_covered": 0.0, "percent_statements_covered_display": "0"}, "missing_lines": [468, 469, 471], "excluded_lines": []}, "": {"executed_lines": [1, 8, 9, 10, 11, 13, 16, 17, 19, 53, 78, 99, 125, 214, 263, 454, 461, 466, 478], "summary": {"covered_lines": 17, "num_statements": 17, "percent_covered": 100.0, "percent_covered_display": "100", "missing_lines": 0, "excluded_lines": 0, "percent_statements_covered": 100.0, "percent_statements_covered_display": "100"}, "missing_lines": [], "excluded_lines": []}}, "classes": {"DataMigrator": {"executed_lines": [20, 23, 30], "summary": {"covered_lines": 3, "num_statements": 97, "percent_covered": 3.0927835051546393, "percent_covered_display": "3", "missing_lines": 94, "excluded_lines": 0, "percent_statements_covered": 3.0927835051546393, "percent_statements_covered_display": "3"}, "missing_lines": [55, 56, 59, 60, 61, 64, 65, 67, 68, 69, 70, 72, 73, 74, 76, 81, 82, 85, 86, 88, 89, 90, 91, 93, 94, 95, 97, 101, 103, 104, 106, 108, 109, 111, 112, 115, 116, 118, 119, 121, 122, 123, 127, 130, 131, 132, 134, 135, 140, 143, 146, 147, 149, 150, 158, 160, 162, 192, 193, 212, 216, 219, 220, 221, 223, 224, 227, 228, 236, 237, 246, 249, 250, 253, 254, 261, 265, 270, 271, 274, 310, 311, 312, 389, 392, 446, 456, 457, 459, 463, 464, 468, 469, 471], "excluded_lines": []}, "": {"executed_lines": [1, 8, 9, 10, 11, 13, 16, 17, 19, 53, 78, 99, 125, 214, 263, 454, 461, 466, 478], "summary": {"covered_lines": 17, "num_statements": 17, "percent_covered": 100.0, "percent_covered_display": "100", "missing_lines": 0, "excluded_lines": 0, "percent_statements_covered": 100.0, "percent_statements_covered_display": "100"}, "missing_lines": [], "excluded_lines": []}}}, "core\\data\\data_performance.py": {"executed_lines": [1, 8, 9, 10, 11, 12, 13, 16, 17, 19, 20, 21, 22, 24, 31, 39, 48, 54, 55, 57, 58, 59, 60, 63, 64, 65, 67, 73, 74, 80, 81, 87, 92, 105, 114, 124, 134, 144, 153, 169], "summary": {"covered_lines": 37, "num_statements": 95, "percent_covered": 38.94736842105263, "percent_covered_display": "39", "missing_lines": 58, "excluded_lines": 0, "percent_statements_covered": 38.94736842105263, "percent_statements_covered_display": "39"}, "missing_lines": [26, 27, 28, 29, 33, 34, 36, 37, 41, 42, 44, 45, 46, 50, 51, 69, 70, 71, 76, 77, 78, 83, 84, 85, 89, 90, 94, 95, 97, 100, 101, 103, 107, 109, 110, 112, 116, 117, 118, 121, 122, 126, 127, 128, 131, 132, 136, 137, 138, 141, 142, 146, 147, 148, 149, 150, 151, 155], "excluded_lines": [], "functions": {"DataCache.__init__": {"executed_lines": [20, 21, 22], "summary": {"covered_lines": 3, "num_statements": 3, "percent_covered": 100.0, "percent_covered_display": "100", "missing_lines": 0, "excluded_lines": 0, "percent_statements_covered": 100.0, "percent_statements_covered_display": "100"}, "missing_lines": [], "excluded_lines": []}, "DataCache.get": {"executed_lines": [], "summary": {"covered_lines": 0, "num_statements": 4, "percent_covered": 0.0, "percent_covered_display": "0", "missing_lines": 4, "excluded_lines": 0, "percent_statements_covered": 0.0, "percent_statements_covered_display": "0"}, "missing_lines": [26, 27, 28, 29], "excluded_lines": []}, "DataCache.set": {"executed_lines": [], "summary": {"covered_lines": 0, "num_statements": 4, "percent_covered": 0.0, "percent_covered_display": "0", "missing_lines": 4, "excluded_lines": 0, "percent_statements_covered": 0.0, "percent_statements_covered_display": "0"}, "missing_lines": [33, 34, 36, 37], "excluded_lines": []}, "DataCache._evict_oldest": {"executed_lines": [], "summary": {"covered_lines": 0, "num_statements": 5, "percent_covered": 0.0, "percent_covered_display": "0", "missing_lines": 5, "excluded_lines": 0, "percent_statements_covered": 0.0, "percent_statements_covered_display": "0"}, "missing_lines": [41, 42, 44, 45, 46], "excluded_lines": []}, "DataCache.clear": {"executed_lines": [], "summary": {"covered_lines": 0, "num_statements": 2, "percent_covered": 0.0, "percent_covered_display": "0", "missing_lines": 2, "excluded_lines": 0, "percent_statements_covered": 0.0, "percent_statements_covered_display": "0"}, "missing_lines": [50, 51], "excluded_lines": []}, "PerformanceOptimizer.__init__": {"executed_lines": [58, 59, 60, 63, 64, 65], "summary": {"covered_lines": 6, "num_statements": 6, "percent_covered": 100.0, "percent_covered_display": "100", "missing_lines": 0, "excluded_lines": 0, "percent_statements_covered": 100.0, "percent_statements_covered_display": "100"}, "missing_lines": [], "excluded_lines": []}, "PerformanceOptimizer.cached_validate_game_data": {"executed_lines": [], "summary": {"covered_lines": 0, "num_statements": 3, "percent_covered": 0.0, "percent_covered_display": "0", "missing_lines": 3, "excluded_lines": 0, "percent_statements_covered": 0.0, "percent_statements_covered_display": "0"}, "missing_lines": [69, 70, 71], "excluded_lines": []}, "PerformanceOptimizer.cached_validate_turtle_data": {"executed_lines": [], "summary": {"covered_lines": 0, "num_statements": 3, "percent_covered": 0.0, "percent_covered_display": "0", "missing_lines": 3, "excluded_lines": 0, "percent_statements_covered": 0.0, "percent_statements_covered_display": "0"}, "missing_lines": [76, 77, 78], "excluded_lines": []}, "PerformanceOptimizer.cached_validate_preference_data": {"executed_lines": [], "summary": {"covered_lines": 0, "num_statements": 3, "percent_covered": 0.0, "percent_covered_display": "0", "missing_lines": 3, "excluded_lines": 0, "percent_statements_covered": 0.0, "percent_statements_covered_display": "0"}, "missing_lines": [83, 84, 85], "excluded_lines": []}, "PerformanceOptimizer.calculate_data_hash": {"executed_lines": [], "summary": {"covered_lines": 0, "num_statements": 2, "percent_covered": 0.0, "percent_covered_display": "0", "missing_lines": 2, "excluded_lines": 0, "percent_statements_covered": 0.0, "percent_statements_covered_display": "0"}, "missing_lines": [89, 90], "excluded_lines": []}, "PerformanceOptimizer.compress_data_optimized": {"executed_lines": [], "summary": {"covered_lines": 0, "num_statements": 6, "percent_covered": 0.0, "percent_covered_display": "0", "missing_lines": 6, "excluded_lines": 0, "percent_statements_covered": 0.0, "percent_statements_covered_display": "0"}, "missing_lines": [94, 95, 97, 100, 101, 103], "excluded_lines": []}, "PerformanceOptimizer.decompress_data_optimized": {"executed_lines": [], "summary": {"covered_lines": 0, "num_statements": 4, "percent_covered": 0.0, "percent_covered_display": "0", "missing_lines": 4, "excluded_lines": 0, "percent_statements_covered": 0.0, "percent_statements_covered_display": "0"}, "missing_lines": [107, 109, 110, 112], "excluded_lines": []}, "PerformanceOptimizer.get_cached_turtle": {"executed_lines": [], "summary": {"covered_lines": 0, "num_statements": 5, "percent_covered": 0.0, "percent_covered_display": "0", "missing_lines": 5, "excluded_lines": 0, "percent_statements_covered": 0.0, "percent_statements_covered_display": "0"}, "missing_lines": [116, 117, 118, 121, 122], "excluded_lines": []}, "PerformanceOptimizer.get_cached_game_data": {"executed_lines": [], "summary": {"covered_lines": 0, "num_statements": 5, "percent_covered": 0.0, "percent_covered_display": "0", "missing_lines": 5, "excluded_lines": 0, "percent_statements_covered": 0.0, "percent_statements_covered_display": "0"}, "missing_lines": [126, 127, 128, 131, 132], "excluded_lines": []}, "PerformanceOptimizer.get_cached_preferences": {"executed_lines": [], "summary": {"covered_lines": 0, "num_statements": 5, "percent_covered": 0.0, "percent_covered_display": "0", "missing_lines": 5, "excluded_lines": 0, "percent_statements_covered": 0.0, "percent_statements_covered_display": "0"}, "missing_lines": [136, 137, 138, 141, 142], "excluded_lines": []}, "PerformanceOptimizer.invalidate_cache": {"executed_lines": [], "summary": {"covered_lines": 0, "num_statements": 6, "percent_covered": 0.0, "percent_covered_display": "0", "missing_lines": 6, "excluded_lines": 0, "percent_statements_covered": 0.0, "percent_statements_covered_display": "0"}, "missing_lines": [146, 147, 148, 149, 150, 151], "excluded_lines": []}, "PerformanceOptimizer.get_cache_stats": {"executed_lines": [], "summary": {"covered_lines": 0, "num_statements": 1, "percent_covered": 0.0, "percent_covered_display": "0", "missing_lines": 1, "excluded_lines": 0, "percent_statements_covered": 0.0, "percent_statements_covered_display": "0"}, "missing_lines": [155], "excluded_lines": []}, "": {"executed_lines": [1, 8, 9, 10, 11, 12, 13, 16, 17, 19, 24, 31, 39, 48, 54, 55, 57, 67, 73, 74, 80, 81, 87, 92, 105, 114, 124, 134, 144, 153, 169], "summary": {"covered_lines": 28, "num_statements": 28, "percent_covered": 100.0, "percent_covered_display": "100", "missing_lines": 0, "excluded_lines": 0, "percent_statements_covered": 100.0, "percent_statements_covered_display": "100"}, "missing_lines": [], "excluded_lines": []}}, "classes": {"DataCache": {"executed_lines": [20, 21, 22], "summary": {"covered_lines": 3, "num_statements": 18, "percent_covered": 16.666666666666668, "percent_covered_display": "17", "missing_lines": 15, "excluded_lines": 0, "percent_statements_covered": 16.666666666666668, "percent_statements_covered_display": "17"}, "missing_lines": [26, 27, 28, 29, 33, 34, 36, 37, 41, 42, 44, 45, 46, 50, 51], "excluded_lines": []}, "PerformanceOptimizer": {"executed_lines": [58, 59, 60, 63, 64, 65], "summary": {"covered_lines": 6, "num_statements": 49, "percent_covered": 12.244897959183673, "percent_covered_display": "12", "missing_lines": 43, "excluded_lines": 0, "percent_statements_covered": 12.244897959183673, "percent_statements_covered_display": "12"}, "missing_lines": [69, 70, 71, 76, 77, 78, 83, 84, 85, 89, 90, 94, 95, 97, 100, 101, 103, 107, 109, 110, 112, 116, 117, 118, 121, 122, 126, 127, 128, 131, 132, 136, 137, 138, 141, 142, 146, 147, 148, 149, 150, 151, 155], "excluded_lines": []}, "": {"executed_lines": [1, 8, 9, 10, 11, 12, 13, 16, 17, 19, 24, 31, 39, 48, 54, 55, 57, 67, 73, 74, 80, 81, 87, 92, 105, 114, 124, 134, 144, 153, 169], "summary": {"covered_lines": 28, "num_statements": 28, "percent_covered": 100.0, "percent_covered_display": "100", "missing_lines": 0, "excluded_lines": 0, "percent_statements_covered": 100.0, "percent_statements_covered_display": "100"}, "missing_lines": [], "excluded_lines": []}}}, "core\\data\\data_security.py": {"executed_lines": [1, 8, 9, 10, 11, 12, 13, 14, 15, 18, 19, 21, 22, 23, 26, 29, 31, 33, 35, 36, 38, 44, 45, 47, 55, 63, 70, 80, 90, 101, 126], "summary": {"covered_lines": 29, "num_statements": 64, "percent_covered": 45.3125, "percent_covered_display": "45", "missing_lines": 35, "excluded_lines": 0, "percent_statements_covered": 45.3125, "percent_statements_covered_display": "45"}, "missing_lines": [27, 49, 50, 52, 53, 57, 58, 60, 61, 65, 66, 68, 72, 73, 75, 76, 77, 78, 82, 83, 88, 92, 93, 99, 104, 106, 107, 108, 109, 111, 112, 114, 115, 117, 119], "excluded_lines": [], "functions": {"SecurityManager.__init__": {"executed_lines": [22, 23, 26, 29, 31], "summary": {"covered_lines": 5, "num_statements": 6, "percent_covered": 83.33333333333333, "percent_covered_display": "83", "missing_lines": 1, "excluded_lines": 0, "percent_statements_covered": 83.33333333333333, "percent_statements_covered_display": "83"}, "missing_lines": [27], "excluded_lines": []}, "SecurityManager._generate_encryption_key": {"executed_lines": [35, 36, 38, 44, 45], "summary": {"covered_lines": 5, "num_statements": 5, "percent_covered": 100.0, "percent_covered_display": "100", "missing_lines": 0, "excluded_lines": 0, "percent_statements_covered": 100.0, "percent_statements_covered_display": "100"}, "missing_lines": [], "excluded_lines": []}, "SecurityManager.calculate_checksum": {"executed_lines": [], "summary": {"covered_lines": 0, "num_statements": 4, "percent_covered": 0.0, "percent_covered_display": "0", "missing_lines": 4, "excluded_lines": 0, "percent_statements_covered": 0.0, "percent_statements_covered_display": "0"}, "missing_lines": [49, 50, 52, 53], "excluded_lines": []}, "SecurityManager.verify_checksum": {"executed_lines": [], "summary": {"covered_lines": 0, "num_statements": 4, "percent_covered": 0.0, "percent_covered_display": "0", "missing_lines": 4, "excluded_lines": 0, "percent_statements_covered": 0.0, "percent_statements_covered_display": "0"}, "missing_lines": [57, 58, 60, 61], "excluded_lines": []}, "SecurityManager.encrypt_data": {"executed_lines": [], "summary": {"covered_lines": 0, "num_statements": 3, "percent_covered": 0.0, "percent_covered_display": "0", "missing_lines": 3, "excluded_lines": 0, "percent_statements_covered": 0.0, "percent_statements_covered_display": "0"}, "missing_lines": [65, 66, 68], "excluded_lines": []}, "SecurityManager.decrypt_data": {"executed_lines": [], "summary": {"covered_lines": 0, "num_statements": 6, "percent_covered": 0.0, "percent_covered_display": "0", "missing_lines": 6, "excluded_lines": 0, "percent_statements_covered": 0.0, "percent_statements_covered_display": "0"}, "missing_lines": [72, 73, 75, 76, 77, 78], "excluded_lines": []}, "SecurityManager.sign_data": {"executed_lines": [], "summary": {"covered_lines": 0, "num_statements": 3, "percent_covered": 0.0, "percent_covered_display": "0", "missing_lines": 3, "excluded_lines": 0, "percent_statements_covered": 0.0, "percent_statements_covered_display": "0"}, "missing_lines": [82, 83, 88], "excluded_lines": []}, "SecurityManager.verify_signature": {"executed_lines": [], "summary": {"covered_lines": 0, "num_statements": 3, "percent_covered": 0.0, "percent_covered_display": "0", "missing_lines": 3, "excluded_lines": 0, "percent_statements_covered": 0.0, "percent_statements_covered_display": "0"}, "missing_lines": [92, 93, 99], "excluded_lines": []}, "SecurityManager.sanitize_data": {"executed_lines": [], "summary": {"covered_lines": 0, "num_statements": 11, "percent_covered": 0.0, "percent_covered_display": "0", "missing_lines": 11, "excluded_lines": 0, "percent_statements_covered": 0.0, "percent_statements_covered_display": "0"}, "missing_lines": [104, 106, 107, 108, 109, 111, 112, 114, 115, 117, 119], "excluded_lines": []}, "": {"executed_lines": [1, 8, 9, 10, 11, 12, 13, 14, 15, 18, 19, 21, 33, 47, 55, 63, 70, 80, 90, 101, 126], "summary": {"covered_lines": 19, "num_statements": 19, "percent_covered": 100.0, "percent_covered_display": "100", "missing_lines": 0, "excluded_lines": 0, "percent_statements_covered": 100.0, "percent_statements_covered_display": "100"}, "missing_lines": [], "excluded_lines": []}}, "classes": {"SecurityManager": {"executed_lines": [22, 23, 26, 29, 31, 35, 36, 38, 44, 45], "summary": {"covered_lines": 10, "num_statements": 45, "percent_covered": 22.22222222222222, "percent_covered_display": "22", "missing_lines": 35, "excluded_lines": 0, "percent_statements_covered": 22.22222222222222, "percent_statements_covered_display": "22"}, "missing_lines": [27, 49, 50, 52, 53, 57, 58, 60, 61, 65, 66, 68, 72, 73, 75, 76, 77, 78, 82, 83, 88, 92, 93, 99, 104, 106, 107, 108, 109, 111, 112, 114, 115, 117, 119], "excluded_lines": []}, "": {"executed_lines": [1, 8, 9, 10, 11, 12, 13, 14, 15, 18, 19, 21, 33, 47, 55, 63, 70, 80, 90, 101, 126], "summary": {"covered_lines": 19, "num_statements": 19, "percent_covered": 100.0, "percent_covered_display": "100", "missing_lines": 0, "excluded_lines": 0, "percent_statements_covered": 100.0, "percent_statements_covered_display": "100"}, "missing_lines": [], "excluded_lines": []}}}, "core\\data\\data_serialization.py": {"executed_lines": [1, 8, 15, 16, 17, 18, 20, 23, 24, 26, 27, 31, 32, 37, 38, 42, 43, 48, 49, 53, 54, 65, 105, 144], "summary": {"covered_lines": 22, "num_statements": 37, "percent_covered": 59.45945945945946, "percent_covered_display": "59", "missing_lines": 15, "excluded_lines": 0, "percent_statements_covered": 59.45945945945946, "percent_statements_covered_display": "59"}, "missing_lines": [29, 34, 35, 40, 45, 46, 51, 56, 57, 67, 69, 107, 109, 146, 148], "excluded_lines": [], "functions": {"DataSerializer.serialize_game_data": {"executed_lines": [], "summary": {"covered_lines": 0, "num_statements": 1, "percent_covered": 0.0, "percent_covered_display": "0", "missing_lines": 1, "excluded_lines": 0, "percent_statements_covered": 0.0, "percent_statements_covered_display": "0"}, "missing_lines": [29], "excluded_lines": []}, "DataSerializer.deserialize_game_data": {"executed_lines": [], "summary": {"covered_lines": 0, "num_statements": 2, "percent_covered": 0.0, "percent_covered_display": "0", "missing_lines": 2, "excluded_lines": 0, "percent_statements_covered": 0.0, "percent_statements_covered_display": "0"}, "missing_lines": [34, 35], "excluded_lines": []}, "DataSerializer.serialize_turtle_data": {"executed_lines": [], "summary": {"covered_lines": 0, "num_statements": 1, "percent_covered": 0.0, "percent_covered_display": "0", "missing_lines": 1, "excluded_lines": 0, "percent_statements_covered": 0.0, "percent_statements_covered_display": "0"}, "missing_lines": [40], "excluded_lines": []}, "DataSerializer.deserialize_turtle_data": {"executed_lines": [], "summary": {"covered_lines": 0, "num_statements": 2, "percent_covered": 0.0, "percent_covered_display": "0", "missing_lines": 2, "excluded_lines": 0, "percent_statements_covered": 0.0, "percent_statements_covered_display": "0"}, "missing_lines": [45, 46], "excluded_lines": []}, "DataSerializer.serialize_preference_data": {"executed_lines": [], "summary": {"covered_lines": 0, "num_statements": 1, "percent_covered": 0.0, "percent_covered_display": "0", "missing_lines": 1, "excluded_lines": 0, "percent_statements_covered": 0.0, "percent_statements_covered_display": "0"}, "missing_lines": [51], "excluded_lines": []}, "DataSerializer.deserialize_preference_data": {"executed_lines": [], "summary": {"covered_lines": 0, "num_statements": 2, "percent_covered": 0.0, "percent_covered_display": "0", "missing_lines": 2, "excluded_lines": 0, "percent_statements_covered": 0.0, "percent_statements_covered_display": "0"}, "missing_lines": [56, 57], "excluded_lines": []}, "create_default_game_data": {"executed_lines": [], "summary": {"covered_lines": 0, "num_statements": 2, "percent_covered": 0.0, "percent_covered_display": "0", "missing_lines": 2, "excluded_lines": 0, "percent_statements_covered": 0.0, "percent_statements_covered_display": "0"}, "missing_lines": [67, 69], "excluded_lines": []}, "create_default_turtle_data": {"executed_lines": [], "summary": {"covered_lines": 0, "num_statements": 2, "percent_covered": 0.0, "percent_covered_display": "0", "missing_lines": 2, "excluded_lines": 0, "percent_statements_covered": 0.0, "percent_statements_covered_display": "0"}, "missing_lines": [107, 109], "excluded_lines": []}, "create_default_preference_data": {"executed_lines": [], "summary": {"covered_lines": 0, "num_statements": 2, "percent_covered": 0.0, "percent_covered_display": "0", "missing_lines": 2, "excluded_lines": 0, "percent_statements_covered": 0.0, "percent_statements_covered_display": "0"}, "missing_lines": [146, 148], "excluded_lines": []}, "": {"executed_lines": [1, 8, 15, 16, 17, 18, 20, 23, 24, 26, 27, 31, 32, 37, 38, 42, 43, 48, 49, 53, 54, 65, 105, 144], "summary": {"covered_lines": 22, "num_statements": 22, "percent_covered": 100.0, "percent_covered_display": "100", "missing_lines": 0, "excluded_lines": 0, "percent_statements_covered": 100.0, "percent_statements_covered_display": "100"}, "missing_lines": [], "excluded_lines": []}}, "classes": {"DataSerializer": {"executed_lines": [], "summary": {"covered_lines": 0, "num_statements": 9, "percent_covered": 0.0, "percent_covered_display": "0", "missing_lines": 9, "excluded_lines": 0, "percent_statements_covered": 0.0, "percent_statements_covered_display": "0"}, "missing_lines": [29, 34, 35, 40, 45, 46, 51, 56, 57], "excluded_lines": []}, "": {"executed_lines": [1, 8, 15, 16, 17, 18, 20, 23, 24, 26, 27, 31, 32, 37, 38, 42, 43, 48, 49, 53, 54, 65, 105, 144], "summary": {"covered_lines": 22, "num_statements": 28, "percent_covered": 78.57142857142857, "percent_covered_display": "79", "missing_lines": 6, "excluded_lines": 0, "percent_statements_covered": 78.57142857142857, "percent_statements_covered_display": "79"}, "missing_lines": [67, 69, 107, 109, 146, 148], "excluded_lines": []}}}, "core\\data\\data_structures.py": {"executed_lines": [1, 8, 9, 10, 17, 18, 19, 20, 21, 22, 23, 24, 25, 28, 29, 30, 31, 32, 33, 36, 37, 38, 39, 40, 41, 42, 45, 46, 47, 48, 49, 50, 51, 52, 55, 56, 57, 58, 59, 60, 61, 64, 65, 66, 67, 68, 69, 72, 73, 74, 75, 76, 77, 78, 79, 80, 81, 88, 89, 90, 91, 92, 95, 96, 97, 98, 99, 102, 103, 104, 105, 106, 107, 108, 109, 112, 113, 114, 115, 116, 117, 118, 119, 122, 123, 124, 125, 126, 127, 128, 129, 132, 133, 134, 135, 136, 137, 138, 139, 140, 141, 144, 145, 146, 147, 148, 149, 152, 153, 154, 155, 156, 157, 158, 159, 162, 163, 164, 165, 166, 167, 168, 169, 172, 173, 174, 175, 176, 179, 180, 181, 182, 183, 184, 185, 186, 187, 188, 189, 196, 197, 198, 199, 200, 201, 202, 203, 206, 207, 208, 209, 210, 211, 212, 213, 214, 215, 216, 219, 220, 221, 222, 223, 224, 227, 228, 229, 230, 231, 232, 235, 236, 237, 238, 239, 240, 241, 244, 245, 246, 247, 248, 249, 250, 253, 254, 255, 256, 257, 258, 259, 260, 261, 262, 263, 266, 267, 268, 269, 270, 271, 274, 275, 276, 277, 278, 279, 282, 283, 284, 285, 286, 287, 288, 289, 290, 297, 298, 299, 300, 301, 302, 303, 306, 307, 308, 309, 310, 311, 314, 315, 316, 317, 318, 319, 322, 323, 324, 325, 326, 327, 328, 329, 336, 337, 338, 339, 340, 341, 342, 343, 344, 345, 346, 349, 350, 351, 352, 353, 354, 357, 358, 359, 360, 361, 362, 365, 366, 367, 368, 369, 370, 371, 372, 373, 374], "summary": {"covered_lines": 78, "num_statements": 78, "percent_covered": 100.0, "percent_covered_display": "100", "missing_lines": 0, "excluded_lines": 0, "percent_statements_covered": 100.0, "percent_statements_covered_display": "100"}, "missing_lines": [], "excluded_lines": [], "functions": {"": {"executed_lines": [1, 8, 9, 10, 17, 18, 19, 20, 21, 22, 23, 24, 25, 28, 29, 30, 31, 32, 33, 36, 37, 38, 39, 40, 41, 42, 45, 46, 47, 48, 49, 50, 51, 52, 55, 56, 57, 58, 59, 60, 61, 64, 65, 66, 67, 68, 69, 72, 73, 74, 75, 76, 77, 78, 79, 80, 81, 88, 89, 90, 91, 92, 95, 96, 97, 98, 99, 102, 103, 104, 105, 106, 107, 108, 109, 112, 113, 114, 115, 116, 117, 118, 119, 122, 123, 124, 125, 126, 127, 128, 129, 132, 133, 134, 135, 136, 137, 138, 139, 140, 141, 144, 145, 146, 147, 148, 149, 152, 153, 154, 155, 156, 157, 158, 159, 162, 163, 164, 165, 166, 167, 168, 169, 172, 173, 174, 175, 176, 179, 180, 181, 182, 183, 184, 185, 186, 187, 188, 189, 196, 197, 198, 199, 200, 201, 202, 203, 206, 207, 208, 209, 210, 211, 212, 213, 214, 215, 216, 219, 220, 221, 222, 223, 224, 227, 228, 229, 230, 231, 232, 235, 236, 237, 238, 239, 240, 241, 244, 245, 246, 247, 248, 249, 250, 253, 254, 255, 256, 257, 258, 259, 260, 261, 262, 263, 266, 267, 268, 269, 270, 271, 274, 275, 276, 277, 278, 279, 282, 283, 284, 285, 286, 287, 288, 289, 290, 297, 298, 299, 300, 301, 302, 303, 306, 307, 308, 309, 310, 311, 314, 315, 316, 317, 318, 319, 322, 323, 324, 325, 326, 327, 328, 329, 336, 337, 338, 339, 340, 341, 342, 343, 344, 345, 346, 349, 350, 351, 352, 353, 354, 357, 358, 359, 360, 361, 362, 365, 366, 367, 368, 369, 370, 371, 372, 373, 374], "summary": {"covered_lines": 78, "num_statements": 78, "percent_covered": 100.0, "percent_covered_display": "100", "missing_lines": 0, "excluded_lines": 0, "percent_statements_covered": 100.0, "percent_statements_covered_display": "100"}, "missing_lines": [], "excluded_lines": []}}, "classes": {"TransactionData": {"executed_lines": [], "summary": {"covered_lines": 0, "num_statements": 0, "percent_covered": 100.0, "percent_covered_display": "100", "missing_lines": 0, "excluded_lines": 0, "percent_statements_covered": 100.0, "percent_statements_covered_display": "100"}, "missing_lines": [], "excluded_lines": []}, "EconomicData": {"executed_lines": [], "summary": {"covered_lines": 0, "num_statements": 0, "percent_covered": 100.0, "percent_covered_display": "100", "missing_lines": 0, "excluded_lines": 0, "percent_statements_covered": 100.0, "percent_statements_covered_display": "100"}, "missing_lines": [], "excluded_lines": []}, "SessionStats": {"executed_lines": [], "summary": {"covered_lines": 0, "num_statements": 0, "percent_covered": 100.0, "percent_covered_display": "100", "missing_lines": 0, "excluded_lines": 0, "percent_statements_covered": 100.0, "percent_statements_covered_display": "100"}, "missing_lines": [], "excluded_lines": []}, "GameStateData": {"executed_lines": [], "summary": {"covered_lines": 0, "num_statements": 0, "percent_covered": 100.0, "percent_covered_display": "100", "missing_lines": 0, "excluded_lines": 0, "percent_statements_covered": 100.0, "percent_statements_covered_display": "100"}, "missing_lines": [], "excluded_lines": []}, "RosterData": {"executed_lines": [], "summary": {"covered_lines": 0, "num_statements": 0, "percent_covered": 100.0, "percent_covered_display": "100", "missing_lines": 0, "excluded_lines": 0, "percent_statements_covered": 100.0, "percent_statements_covered_display": "100"}, "missing_lines": [], "excluded_lines": []}, "LastSession": {"executed_lines": [], "summary": {"covered_lines": 0, "num_statements": 0, "percent_covered": 100.0, "percent_covered_display": "100", "missing_lines": 0, "excluded_lines": 0, "percent_statements_covered": 100.0, "percent_statements_covered_display": "100"}, "missing_lines": [], "excluded_lines": []}, "GameData": {"executed_lines": [], "summary": {"covered_lines": 0, "num_statements": 0, "percent_covered": 100.0, "percent_covered_display": "100", "missing_lines": 0, "excluded_lines": 0, "percent_statements_covered": 100.0, "percent_statements_covered_display": "100"}, "missing_lines": [], "excluded_lines": []}, "ParentContribution": {"executed_lines": [], "summary": {"covered_lines": 0, "num_statements": 0, "percent_covered": 100.0, "percent_covered_display": "100", "missing_lines": 0, "excluded_lines": 0, "percent_statements_covered": 100.0, "percent_statements_covered_display": "100"}, "missing_lines": [], "excluded_lines": []}, "MutationDetails": {"executed_lines": [], "summary": {"covered_lines": 0, "num_statements": 0, "percent_covered": 100.0, "percent_covered_display": "100", "missing_lines": 0, "excluded_lines": 0, "percent_statements_covered": 100.0, "percent_statements_covered_display": "100"}, "missing_lines": [], "excluded_lines": []}, "GeneTrait": {"executed_lines": [], "summary": {"covered_lines": 0, "num_statements": 0, "percent_covered": 100.0, "percent_covered_display": "100", "missing_lines": 0, "excluded_lines": 0, "percent_statements_covered": 100.0, "percent_statements_covered_display": "100"}, "missing_lines": [], "excluded_lines": []}, "BaseStats": {"executed_lines": [], "summary": {"covered_lines": 0, "num_statements": 0, "percent_covered": 100.0, "percent_covered_display": "100", "missing_lines": 0, "excluded_lines": 0, "percent_statements_covered": 100.0, "percent_statements_covered_display": "100"}, "missing_lines": [], "excluded_lines": []}, "GeneticModifiers": {"executed_lines": [], "summary": {"covered_lines": 0, "num_statements": 0, "percent_covered": 100.0, "percent_covered_display": "100", "missing_lines": 0, "excluded_lines": 0, "percent_statements_covered": 100.0, "percent_statements_covered_display": "100"}, "missing_lines": [], "excluded_lines": []}, "TurtleStats": {"executed_lines": [], "summary": {"covered_lines": 0, "num_statements": 0, "percent_covered": 100.0, "percent_covered_display": "100", "missing_lines": 0, "excluded_lines": 0, "percent_statements_covered": 100.0, "percent_statements_covered_display": "100"}, "missing_lines": [], "excluded_lines": []}, "TerrainPerformance": {"executed_lines": [], "summary": {"covered_lines": 0, "num_statements": 0, "percent_covered": 100.0, "percent_covered_display": "100", "missing_lines": 0, "excluded_lines": 0, "percent_statements_covered": 100.0, "percent_statements_covered_display": "100"}, "missing_lines": [], "excluded_lines": []}, "RaceResult": {"executed_lines": [], "summary": {"covered_lines": 0, "num_statements": 0, "percent_covered": 100.0, "percent_covered_display": "100", "missing_lines": 0, "excluded_lines": 0, "percent_statements_covered": 100.0, "percent_statements_covered_display": "100"}, "missing_lines": [], "excluded_lines": []}, "TurtlePerformance": {"executed_lines": [], "summary": {"covered_lines": 0, "num_statements": 0, "percent_covered": 100.0, "percent_covered_display": "100", "missing_lines": 0, "excluded_lines": 0, "percent_statements_covered": 100.0, "percent_statements_covered_display": "100"}, "missing_lines": [], "excluded_lines": []}, "TurtleParents": {"executed_lines": [], "summary": {"covered_lines": 0, "num_statements": 0, "percent_covered": 100.0, "percent_covered_display": "100", "missing_lines": 0, "excluded_lines": 0, "percent_statements_covered": 100.0, "percent_statements_covered_display": "100"}, "missing_lines": [], "excluded_lines": []}, "TurtleData": {"executed_lines": [], "summary": {"covered_lines": 0, "num_statements": 0, "percent_covered": 100.0, "percent_covered_display": "100", "missing_lines": 0, "excluded_lines": 0, "percent_statements_covered": 100.0, "percent_statements_covered_display": "100"}, "missing_lines": [], "excluded_lines": []}, "VotingRecord": {"executed_lines": [], "summary": {"covered_lines": 0, "num_statements": 0, "percent_covered": 100.0, "percent_covered_display": "100", "missing_lines": 0, "excluded_lines": 0, "percent_statements_covered": 100.0, "percent_statements_covered_display": "100"}, "missing_lines": [], "excluded_lines": []}, "TraitWeights": {"executed_lines": [], "summary": {"covered_lines": 0, "num_statements": 0, "percent_covered": 100.0, "percent_covered_display": "100", "missing_lines": 0, "excluded_lines": 0, "percent_statements_covered": 100.0, "percent_statements_covered_display": "100"}, "missing_lines": [], "excluded_lines": []}, "ColorPreferences": {"executed_lines": [], "summary": {"covered_lines": 0, "num_statements": 0, "percent_covered": 100.0, "percent_covered_display": "100", "missing_lines": 0, "excluded_lines": 0, "percent_statements_covered": 100.0, "percent_statements_covered_display": "100"}, "missing_lines": [], "excluded_lines": []}, "PatternPreferences": {"executed_lines": [], "summary": {"covered_lines": 0, "num_statements": 0, "percent_covered": 100.0, "percent_covered_display": "100", "missing_lines": 0, "excluded_lines": 0, "percent_statements_covered": 100.0, "percent_statements_covered_display": "100"}, "missing_lines": [], "excluded_lines": []}, "RatingBehavior": {"executed_lines": [], "summary": {"covered_lines": 0, "num_statements": 0, "percent_covered": 100.0, "percent_covered_display": "100", "missing_lines": 0, "excluded_lines": 0, "percent_statements_covered": 100.0, "percent_statements_covered_display": "100"}, "missing_lines": [], "excluded_lines": []}, "PreferenceProfile": {"executed_lines": [], "summary": {"covered_lines": 0, "num_statements": 0, "percent_covered": 100.0, "percent_covered_display": "100", "missing_lines": 0, "excluded_lines": 0, "percent_statements_covered": 100.0, "percent_statements_covered_display": "100"}, "missing_lines": [], "excluded_lines": []}, "TraitInfluence": {"executed_lines": [], "summary": {"covered_lines": 0, "num_statements": 0, "percent_covered": 100.0, "percent_covered_display": "100", "missing_lines": 0, "excluded_lines": 0, "percent_statements_covered": 100.0, "percent_statements_covered_display": "100"}, "missing_lines": [], "excluded_lines": []}, "InfluenceDecay": {"executed_lines": [], "summary": {"covered_lines": 0, "num_statements": 0, "percent_covered": 100.0, "percent_covered_display": "100", "missing_lines": 0, "excluded_lines": 0, "percent_statements_covered": 100.0, "percent_statements_covered_display": "100"}, "missing_lines": [], "excluded_lines": []}, "GeneticInfluence": {"executed_lines": [], "summary": {"covered_lines": 0, "num_statements": 0, "percent_covered": 100.0, "percent_covered_display": "100", "missing_lines": 0, "excluded_lines": 0, "percent_statements_covered": 100.0, "percent_statements_covered_display": "100"}, "missing_lines": [], "excluded_lines": []}, "PlayerPreferences": {"executed_lines": [], "summary": {"covered_lines": 0, "num_statements": 0, "percent_covered": 100.0, "percent_covered_display": "100", "missing_lines": 0, "excluded_lines": 0, "percent_statements_covered": 100.0, "percent_statements_covered_display": "100"}, "missing_lines": [], "excluded_lines": []}, "TraitFrequencies": {"executed_lines": [], "summary": {"covered_lines": 0, "num_statements": 0, "percent_covered": 100.0, "percent_covered_display": "100", "missing_lines": 0, "excluded_lines": 0, "percent_statements_covered": 100.0, "percent_statements_covered_display": "100"}, "missing_lines": [], "excluded_lines": []}, "DominantTraits": {"executed_lines": [], "summary": {"covered_lines": 0, "num_statements": 0, "percent_covered": 100.0, "percent_covered_display": "100", "missing_lines": 0, "excluded_lines": 0, "percent_statements_covered": 100.0, "percent_statements_covered_display": "100"}, "missing_lines": [], "excluded_lines": []}, "MutationRates": {"executed_lines": [], "summary": {"covered_lines": 0, "num_statements": 0, "percent_covered": 100.0, "percent_covered_display": "100", "missing_lines": 0, "excluded_lines": 0, "percent_statements_covered": 100.0, "percent_statements_covered_display": "100"}, "missing_lines": [], "excluded_lines": []}, "GenePoolData": {"executed_lines": [], "summary": {"covered_lines": 0, "num_statements": 0, "percent_covered": 100.0, "percent_covered_display": "100", "missing_lines": 0, "excluded_lines": 0, "percent_statements_covered": 100.0, "percent_statements_covered_display": "100"}, "missing_lines": [], "excluded_lines": []}, "TraitAverages": {"executed_lines": [], "summary": {"covered_lines": 0, "num_statements": 0, "percent_covered": 100.0, "percent_covered_display": "100", "missing_lines": 0, "excluded_lines": 0, "percent_statements_covered": 100.0, "percent_statements_covered_display": "100"}, "missing_lines": [], "excluded_lines": []}, "TraitCombination": {"executed_lines": [], "summary": {"covered_lines": 0, "num_statements": 0, "percent_covered": 100.0, "percent_covered_display": "100", "missing_lines": 0, "excluded_lines": 0, "percent_statements_covered": 100.0, "percent_statements_covered_display": "100"}, "missing_lines": [], "excluded_lines": []}, "TrendingTraits": {"executed_lines": [], "summary": {"covered_lines": 0, "num_statements": 0, "percent_covered": 100.0, "percent_covered_display": "100", "missing_lines": 0, "excluded_lines": 0, "percent_statements_covered": 100.0, "percent_statements_covered_display": "100"}, "missing_lines": [], "excluded_lines": []}, "CommunityPreferences": {"executed_lines": [], "summary": {"covered_lines": 0, "num_statements": 0, "percent_covered": 100.0, "percent_covered_display": "100", "missing_lines": 0, "excluded_lines": 0, "percent_statements_covered": 100.0, "percent_statements_covered_display": "100"}, "missing_lines": [], "excluded_lines": []}, "": {"executed_lines": [1, 8, 9, 10, 17, 18, 19, 20, 21, 22, 23, 24, 25, 28, 29, 30, 31, 32, 33, 36, 37, 38, 39, 40, 41, 42, 45, 46, 47, 48, 49, 50, 51, 52, 55, 56, 57, 58, 59, 60, 61, 64, 65, 66, 67, 68, 69, 72, 73, 74, 75, 76, 77, 78, 79, 80, 81, 88, 89, 90, 91, 92, 95, 96, 97, 98, 99, 102, 103, 104, 105, 106, 107, 108, 109, 112, 113, 114, 115, 116, 117, 118, 119, 122, 123, 124, 125, 126, 127, 128, 129, 132, 133, 134, 135, 136, 137, 138, 139, 140, 141, 144, 145, 146, 147, 148, 149, 152, 153, 154, 155, 156, 157, 158, 159, 162, 163, 164, 165, 166, 167, 168, 169, 172, 173, 174, 175, 176, 179, 180, 181, 182, 183, 184, 185, 186, 187, 188, 189, 196, 197, 198, 199, 200, 201, 202, 203, 206, 207, 208, 209, 210, 211, 212, 213, 214, 215, 216, 219, 220, 221, 222, 223, 224, 227, 228, 229, 230, 231, 232, 235, 236, 237, 238, 239, 240, 241, 244, 245, 246, 247, 248, 249, 250, 253, 254, 255, 256, 257, 258, 259, 260, 261, 262, 263, 266, 267, 268, 269, 270, 271, 274, 275, 276, 277, 278, 279, 282, 283, 284, 285, 286, 287, 288, 289, 290, 297, 298, 299, 300, 301, 302, 303, 306, 307, 308, 309, 310, 311, 314, 315, 316, 317, 318, 319, 322, 323, 324, 325, 326, 327, 328, 329, 336, 337, 338, 339, 340, 341, 342, 343, 344, 345, 346, 349, 350, 351, 352, 353, 354, 357, 358, 359, 360, 361, 362, 365, 366, 367, 368, 369, 370, 371, 372, 373, 374], "summary": {"covered_lines": 78, "num_statements": 78, "percent_covered": 100.0, "percent_covered_display": "100", "missing_lines": 0, "excluded_lines": 0, "percent_statements_covered": 100.0, "percent_statements_covered_display": "100"}, "missing_lines": [], "excluded_lines": []}}}, "core\\data\\data_testing.py": {"executed_lines": [1, 8, 9, 10, 12, 21, 24, 25, 27, 28, 80, 81, 165, 166, 239, 240, 242, 243, 244, 246, 267, 291, 325, 326], "summary": {"covered_lines": 21, "num_statements": 66, "percent_covered": 31.818181818181817, "percent_covered_display": "32", "missing_lines": 45, "excluded_lines": 0, "percent_statements_covered": 31.818181818181817, "percent_statements_covered_display": "32"}, "missing_lines": [30, 83, 168, 248, 251, 252, 253, 256, 257, 258, 261, 262, 263, 265, 269, 272, 273, 274, 275, 278, 279, 280, 281, 284, 285, 286, 287, 289, 294, 295, 296, 298, 301, 302, 303, 304, 307, 308, 309, 310, 313, 314, 315, 316, 318], "excluded_lines": [], "functions": {"TestDataGenerator.create_test_game_data": {"executed_lines": [], "summary": {"covered_lines": 0, "num_statements": 1, "percent_covered": 0.0, "percent_covered_display": "0", "missing_lines": 1, "excluded_lines": 0, "percent_statements_covered": 0.0, "percent_statements_covered_display": "0"}, "missing_lines": [30], "excluded_lines": []}, "TestDataGenerator.create_test_turtle_data": {"executed_lines": [], "summary": {"covered_lines": 0, "num_statements": 1, "percent_covered": 0.0, "percent_covered_display": "0", "missing_lines": 1, "excluded_lines": 0, "percent_statements_covered": 0.0, "percent_statements_covered_display": "0"}, "missing_lines": [83], "excluded_lines": []}, "TestDataGenerator.create_test_preference_data": {"executed_lines": [], "summary": {"covered_lines": 0, "num_statements": 1, "percent_covered": 0.0, "percent_covered_display": "0", "missing_lines": 1, "excluded_lines": 0, "percent_statements_covered": 0.0, "percent_statements_covered_display": "0"}, "missing_lines": [168], "excluded_lines": []}, "DataValidatorTester.__init__": {"executed_lines": [243, 244], "summary": {"covered_lines": 2, "num_statements": 2, "percent_covered": 100.0, "percent_covered_display": "100", "missing_lines": 0, "excluded_lines": 0, "percent_statements_covered": 100.0, "percent_statements_covered_display": "100"}, "missing_lines": [], "excluded_lines": []}, "DataValidatorTester.test_all_valid_data": {"executed_lines": [], "summary": {"covered_lines": 0, "num_statements": 11, "percent_covered": 0.0, "percent_covered_display": "0", "missing_lines": 11, "excluded_lines": 0, "percent_statements_covered": 0.0, "percent_statements_covered_display": "0"}, "missing_lines": [248, 251, 252, 253, 256, 257, 258, 261, 262, 263, 265], "excluded_lines": []}, "DataValidatorTester.test_invalid_data": {"executed_lines": [], "summary": {"covered_lines": 0, "num_statements": 14, "percent_covered": 0.0, "percent_covered_display": "0", "missing_lines": 14, "excluded_lines": 0, "percent_statements_covered": 0.0, "percent_statements_covered_display": "0"}, "missing_lines": [269, 272, 273, 274, 275, 278, 279, 280, 281, 284, 285, 286, 287, 289], "excluded_lines": []}, "DataValidatorTester.run_performance_test": {"executed_lines": [], "summary": {"covered_lines": 0, "num_statements": 17, "percent_covered": 0.0, "percent_covered_display": "0", "missing_lines": 17, "excluded_lines": 0, "percent_statements_covered": 0.0, "percent_statements_covered_display": "0"}, "missing_lines": [294, 295, 296, 298, 301, 302, 303, 304, 307, 308, 309, 310, 313, 314, 315, 316, 318], "excluded_lines": []}, "": {"executed_lines": [1, 8, 9, 10, 12, 21, 24, 25, 27, 28, 80, 81, 165, 166, 239, 240, 242, 246, 267, 291, 325, 326], "summary": {"covered_lines": 19, "num_statements": 19, "percent_covered": 100.0, "percent_covered_display": "100", "missing_lines": 0, "excluded_lines": 0, "percent_statements_covered": 100.0, "percent_statements_covered_display": "100"}, "missing_lines": [], "excluded_lines": []}}, "classes": {"TestDataGenerator": {"executed_lines": [], "summary": {"covered_lines": 0, "num_statements": 3, "percent_covered": 0.0, "percent_covered_display": "0", "missing_lines": 3, "excluded_lines": 0, "percent_statements_covered": 0.0, "percent_statements_covered_display": "0"}, "missing_lines": [30, 83, 168], "excluded_lines": []}, "DataValidatorTester": {"executed_lines": [243, 244], "summary": {"covered_lines": 2, "num_statements": 44, "percent_covered": 4.545454545454546, "percent_covered_display": "5", "missing_lines": 42, "excluded_lines": 0, "percent_statements_covered": 4.545454545454546, "percent_statements_covered_display": "5"}, "missing_lin
[...]
106, 1107, 1108, 1109, 1111, 1113, 1115, 1116, 1118, 1119, 1121, 1123, 1125, 1126, 1128, 1131, 1133, 1134, 1135, 1136, 1137, 1140, 1141, 1142, 1144, 1147, 1150, 1151, 1152, 1154, 1156], "excluded_lines": [], "functions": {"VotingView.__init__": {"executed_lines": [], "summary": {"covered_lines": 0, "num_statements": 46, "percent_covered": 0.0, "percent_covered_display": "0", "missing_lines": 46, "excluded_lines": 0, "percent_statements_covered": 0.0, "percent_statements_covered_display": "0"}, "missing_lines": [22, 23, 24, 25, 28, 33, 34, 35, 36, 37, 40, 41, 42, 43, 46, 47, 48, 51, 52, 53, 54, 57, 58, 59, 60, 61, 62, 63, 64, 65, 66, 69, 70, 71, 72, 73, 74, 76, 77, 78, 79, 82, 85, 86, 89, 90], "excluded_lines": []}, "VotingView.draw": {"executed_lines": [], "summary": {"covered_lines": 0, "num_statements": 7, "percent_covered": 0.0, "percent_covered_display": "0", "missing_lines": 7, "excluded_lines": 0, "percent_statements_covered": 0.0, "percent_statements_covered_display": "0"}, "missing_lines": [95, 98, 99, 102, 105, 108, 109], "excluded_lines": []}, "VotingView._draw_left_panel": {"executed_lines": [], "summary": {"covered_lines": 0, "num_statements": 16, "percent_covered": 0.0, "percent_covered_display": "0", "missing_lines": 16, "excluded_lines": 0, "percent_statements_covered": 0.0, "percent_statements_covered_display": "0"}, "missing_lines": [113, 115, 116, 118, 121, 122, 125, 130, 131, 132, 133, 136, 137, 138, 139, 142], "excluded_lines": []}, "VotingView._draw_turtle_image": {"executed_lines": [], "summary": {"covered_lines": 0, "num_statements": 29, "percent_covered": 0.0, "percent_covered_display": "0", "missing_lines": 29, "excluded_lines": 0, "percent_statements_covered": 0.0, "percent_statements_covered_display": "0"}, "missing_lines": [147, 148, 149, 150, 152, 153, 156, 157, 158, 160, 164, 166, 167, 168, 169, 170, 171, 173, 174, 175, 176, 178, 179, 180, 182, 184, 186, 187, 188], "excluded_lines": []}, "VotingView._draw_navigation_controls": {"executed_lines": [], "summary": {"covered_lines": 0, "num_statements": 18, "percent_covered": 0.0, "percent_covered_display": "0", "missing_lines": 18, "excluded_lines": 0, "percent_statements_covered": 0.0, "percent_statements_covered_display": "0"}, "missing_lines": [192, 195, 196, 199, 200, 203, 204, 207, 208, 209, 210, 213, 214, 215, 216, 217, 220, 222], "excluded_lines": []}, "VotingView._update_animations": {"executed_lines": [], "summary": {"covered_lines": 0, "num_statements": 7, "percent_covered": 0.0, "percent_covered_display": "0", "missing_lines": 7, "excluded_lines": 0, "percent_statements_covered": 0.0, "percent_statements_covered_display": "0"}, "missing_lines": [227, 228, 231, 232, 233, 234, 235], "excluded_lines": []}, "VotingView._draw_right_panel": {"executed_lines": [], "summary": {"covered_lines": 0, "num_statements": 36, "percent_covered": 0.0, "percent_covered_display": "0", "missing_lines": 36, "excluded_lines": 0, "percent_statements_covered": 0.0, "percent_statements_covered_display": "0"}, "missing_lines": [239, 241, 242, 244, 247, 248, 251, 252, 253, 254, 257, 260, 261, 263, 264, 266, 267, 268, 269, 272, 275, 276, 277, 278, 281, 284, 285, 286, 289, 290, 291, 294, 295, 297, 300, 303], "excluded_lines": []}, "VotingView._draw_rating_controls_scrolled": {"executed_lines": [], "summary": {"covered_lines": 0, "num_statements": 19, "percent_covered": 0.0, "percent_covered_display": "0", "missing_lines": 19, "excluded_lines": 0, "percent_statements_covered": 0.0, "percent_statements_covered_display": "0"}, "missing_lines": [307, 309, 310, 313, 314, 315, 318, 319, 321, 322, 323, 326, 327, 328, 331, 332, 335, 338, 339], "excluded_lines": []}, "VotingView._draw_completed_ratings_scrolled": {"executed_lines": [], "summary": {"covered_lines": 0, "num_statements": 18, "percent_covered": 0.0, "percent_covered_display": "0", "missing_lines": 18, "excluded_lines": 0, "percent_statements_covered": 0.0, "percent_statements_covered_display": "0"}, "missing_lines": [343, 344, 346, 347, 350, 351, 352, 355, 356, 357, 358, 361, 362, 365, 369, 370, 371, 373], "excluded_lines": []}, "VotingView._draw_star_rating_scrolled": {"executed_lines": [], "summary": {"covered_lines": 0, "num_statements": 22, "percent_covered": 0.0, "percent_covered_display": "0", "missing_lines": 22, "excluded_lines": 0, "percent_statements_covered": 0.0, "percent_statements_covered_display": "0"}, "missing_lines": [384, 385, 388, 389, 394, 395, 396, 397, 398, 401, 402, 409, 410, 412, 413, 414, 417, 419, 420, 422, 425, 428], "excluded_lines": []}, "VotingView._draw_star_on_surface": {"executed_lines": [], "summary": {"covered_lines": 0, "num_statements": 10, "percent_covered": 0.0, "percent_covered_display": "0", "missing_lines": 10, "excluded_lines": 0, "percent_statements_covered": 0.0, "percent_statements_covered_display": "0"}, "missing_lines": [432, 433, 434, 435, 436, 438, 440, 441, 442, 444], "excluded_lines": []}, "VotingView._draw_submit_button_scrolled": {"executed_lines": [], "summary": {"covered_lines": 0, "num_statements": 13, "percent_covered": 0.0, "percent_covered_display": "0", "missing_lines": 13, "excluded_lines": 0, "percent_statements_covered": 0.0, "percent_statements_covered_display": "0"}, "missing_lines": [448, 449, 450, 451, 454, 455, 456, 459, 461, 465, 466, 467, 469], "excluded_lines": []}, "VotingView._draw_rating_controls": {"executed_lines": [], "summary": {"covered_lines": 0, "num_statements": 24, "percent_covered": 0.0, "percent_covered_display": "0", "missing_lines": 24, "excluded_lines": 0, "percent_statements_covered": 0.0, "percent_statements_covered_display": "0"}, "missing_lines": [473, 475, 476, 478, 480, 481, 482, 484, 487, 488, 489, 492, 493, 495, 496, 497, 500, 501, 502, 505, 506, 509, 512, 513], "excluded_lines": []}, "VotingView._draw_header": {"executed_lines": [], "summary": {"covered_lines": 0, "num_statements": 9, "percent_covered": 0.0, "percent_covered_display": "0", "missing_lines": 9, "excluded_lines": 0, "percent_statements_covered": 0.0, "percent_statements_covered_display": "0"}, "missing_lines": [518, 519, 520, 521, 524, 525, 526, 527, 530], "excluded_lines": []}, "VotingView._draw_current_design": {"executed_lines": [], "summary": {"covered_lines": 0, "num_statements": 49, "percent_covered": 0.0, "percent_covered_display": "0", "missing_lines": 49, "excluded_lines": 0, "percent_statements_covered": 0.0, "percent_statements_covered_display": "0"}, "missing_lines": [535, 537, 538, 540, 543, 544, 545, 546, 549, 550, 553, 554, 555, 558, 559, 560, 562, 566, 568, 569, 571, 572, 573, 574, 575, 576, 578, 579, 580, 582, 583, 584, 586, 587, 588, 590, 592, 594, 595, 596, 599, 602, 603, 604, 606, 607, 609, 610, 611], "excluded_lines": []}, "VotingView._draw_placeholder_turtle": {"executed_lines": [], "summary": {"covered_lines": 0, "num_statements": 9, "percent_covered": 0.0, "percent_covered_display": "0", "missing_lines": 9, "excluded_lines": 0, "percent_statements_covered": 0.0, "percent_statements_covered_display": "0"}, "missing_lines": [617, 619, 623, 624, 627, 628, 629, 634, 635], "excluded_lines": []}, "VotingView._draw_feature_breakdown": {"executed_lines": [], "summary": {"covered_lines": 0, "num_statements": 23, "percent_covered": 0.0, "percent_covered_display": "0", "missing_lines": 23, "excluded_lines": 0, "percent_statements_covered": 0.0, "percent_statements_covered_display": "0"}, "missing_lines": [639, 641, 642, 644, 645, 646, 649, 651, 652, 653, 656, 657, 658, 660, 661, 662, 663, 665, 666, 667, 671, 672, 674], "excluded_lines": []}, "VotingView._draw_completed_ratings": {"executed_lines": [], "summary": {"covered_lines": 0, "num_statements": 18, "percent_covered": 0.0, "percent_covered_display": "0", "missing_lines": 18, "excluded_lines": 0, "percent_statements_covered": 0.0, "percent_statements_covered_display": "0"}, "missing_lines": [678, 679, 681, 682, 685, 686, 687, 690, 691, 692, 693, 696, 697, 700, 703, 704, 705, 707], "excluded_lines": []}, "VotingView._draw_star_rating": {"executed_lines": [], "summary": {"covered_lines": 0, "num_statements": 19, "percent_covered": 0.0, "percent_covered_display": "0", "missing_lines": 19, "excluded_lines": 0, "percent_statements_covered": 0.0, "percent_statements_covered_display": "0"}, "missing_lines": [711, 712, 715, 716, 717, 718, 719, 720, 722, 723, 725, 726, 727, 730, 732, 733, 735, 738, 741], "excluded_lines": []}, "VotingView._draw_star": {"executed_lines": [], "summary": {"covered_lines": 0, "num_statements": 10, "percent_covered": 0.0, "percent_covered_display": "0", "missing_lines": 10, "excluded_lines": 0, "percent_statements_covered": 0.0, "percent_statements_covered_display": "0"}, "missing_lines": [745, 746, 747, 748, 749, 751, 753, 754, 755, 757], "excluded_lines": []}, "VotingView._draw_submit_button": {"executed_lines": [], "summary": {"covered_lines": 0, "num_statements": 14, "percent_covered": 0.0, "percent_covered_display": "0", "missing_lines": 14, "excluded_lines": 0, "percent_statements_covered": 0.0, "percent_statements_covered_display": "0"}, "missing_lines": [761, 762, 763, 764, 767, 771, 772, 773, 776, 778, 782, 783, 784, 786], "excluded_lines": []}, "VotingView._draw_nav_button": {"executed_lines": [], "summary": {"covered_lines": 0, "num_statements": 9, "percent_covered": 0.0, "percent_covered_display": "0", "missing_lines": 9, "excluded_lines": 0, "percent_statements_covered": 0.0, "percent_statements_covered_display": "0"}, "missing_lines": [790, 791, 794, 798, 801, 802, 805, 806, 808], "excluded_lines": []}, "VotingView._draw_status": {"executed_lines": [], "summary": {"covered_lines": 0, "num_statements": 15, "percent_covered": 0.0, "percent_covered_display": "0", "missing_lines": 15, "excluded_lines": 0, "percent_statements_covered": 0.0, "percent_statements_covered_display": "0"}, "missing_lines": [812, 815, 816, 817, 818, 821, 822, 833, 835, 836, 837, 840, 841, 842, 843], "excluded_lines": []}, "VotingView._draw_feedback": {"executed_lines": [], "summary": {"covered_lines": 0, "num_statements": 28, "percent_covered": 0.0, "percent_covered_display": "0", "missing_lines": 28, "excluded_lines": 0, "percent_statements_covered": 0.0, "percent_statements_covered_display": "0"}, "missing_lines": [847, 848, 851, 852, 853, 854, 855, 858, 859, 860, 863, 864, 868, 869, 870, 871, 874, 875, 876, 877, 880, 881, 882, 883, 886, 887, 888, 889], "excluded_lines": []}, "VotingView._scroll_up": {"executed_lines": [], "summary": {"covered_lines": 0, "num_statements": 3, "percent_covered": 0.0, "percent_covered_display": "0", "missing_lines": 3, "excluded_lines": 0, "percent_statements_covered": 0.0, "percent_statements_covered_display": "0"}, "missing_lines": [893, 894, 895], "excluded_lines": []}, "VotingView._scroll_down": {"executed_lines": [], "summary": {"covered_lines": 0, "num_statements": 3, "percent_covered": 0.0, "percent_covered_display": "0", "missing_lines": 3, "excluded_lines": 0, "percent_statements_covered": 0.0, "percent_statements_covered_display": "0"}, "missing_lines": [899, 900, 901], "excluded_lines": []}, "VotingView._update_scroll_limits": {"executed_lines": [], "summary": {"covered_lines": 0, "num_statements": 7, "percent_covered": 0.0, "percent_covered_display": "0", "missing_lines": 7, "excluded_lines": 0, "percent_statements_covered": 0.0, "percent_statements_covered_display": "0"}, "missing_lines": [905, 906, 907, 908, 910, 911, 912], "excluded_lines": []}, "VotingView._draw_scrollbar": {"executed_lines": [], "summary": {"covered_lines": 0, "num_statements": 13, "percent_covered": 0.0, "percent_covered_display": "0", "missing_lines": 13, "excluded_lines": 0, "percent_statements_covered": 0.0, "percent_statements_covered_display": "0"}, "missing_lines": [916, 917, 920, 921, 922, 925, 926, 927, 928, 930, 931, 934, 939], "excluded_lines": []}, "VotingView.handle_event": {"executed_lines": [], "summary": {"covered_lines": 0, "num_statements": 21, "percent_covered": 0.0, "percent_covered_display": "0", "missing_lines": 21, "excluded_lines": 0, "percent_statements_covered": 0.0, "percent_statements_covered_display": "0"}, "missing_lines": [945, 946, 948, 949, 950, 951, 952, 953, 954, 955, 957, 958, 959, 961, 962, 963, 964, 965, 966, 967, 969], "excluded_lines": []}, "VotingView.handle_click": {"executed_lines": [], "summary": {"covered_lines": 0, "num_statements": 82, "percent_covered": 0.0, "percent_covered_display": "0", "missing_lines": 82, "excluded_lines": 0, "percent_statements_covered": 0.0, "percent_statements_covered_display": "0"}, "missing_lines": [973, 976, 977, 980, 981, 982, 983, 984, 986, 988, 989, 991, 994, 995, 998, 999, 1000, 1001, 1006, 1009, 1010, 1011, 1012, 1015, 1016, 1019, 1020, 1022, 1025, 1027, 1028, 1029, 1032, 1033, 1034, 1035, 1037, 1039, 1040, 1041, 1044, 1045, 1046, 1047, 1048, 1049, 1050, 1052, 1053, 1054, 1055, 1056, 1057, 1058, 1059, 1062, 1064, 1065, 1066, 1069, 1070, 1071, 1072, 1074, 1076, 1077, 1078, 1081, 1082, 1083, 1084, 1085, 1086, 1087, 1089, 1090, 1091, 1092, 1093, 1094, 1095, 1096], "excluded_lines": []}, "VotingView._navigate_previous": {"executed_lines": [], "summary": {"covered_lines": 0, "num_statements": 3, "percent_covered": 0.0, "percent_covered_display": "0", "missing_lines": 3, "excluded_lines": 0, "percent_statements_covered": 0.0, "percent_statements_covered_display": "0"}, "missing_lines": [1100, 1101, 1102], "excluded_lines": []}, "VotingView._navigate_next": {"executed_lines": [], "summary": {"covered_lines": 0, "num_statements": 4, "percent_covered": 0.0, "percent_covered_display": "0", "missing_lines": 4, "excluded_lines": 0, "percent_statements_covered": 0.0, "percent_statements_covered_display": "0"}, "missing_lines": [1106, 1107, 1108, 1109], "excluded_lines": []}, "VotingView._can_submit_ratings": {"executed_lines": [], "summary": {"covered_lines": 0, "num_statements": 5, "percent_covered": 0.0, "percent_covered_display": "0", "missing_lines": 5, "excluded_lines": 0, "percent_statements_covered": 0.0, "percent_statements_covered_display": "0"}, "missing_lines": [1113, 1115, 1116, 1118, 1119], "excluded_lines": []}, "VotingView._submit_ratings": {"executed_lines": [], "summary": {"covered_lines": 0, "num_statements": 13, "percent_covered": 0.0, "percent_covered_display": "0", "missing_lines": 13, "excluded_lines": 0, "percent_statements_covered": 0.0, "percent_statements_covered_display": "0"}, "missing_lines": [1123, 1125, 1126, 1128, 1131, 1133, 1134, 1135, 1136, 1137, 1140, 1141, 1142], "excluded_lines": []}, "VotingView.update": {"executed_lines": [], "summary": {"covered_lines": 0, "num_statements": 4, "percent_covered": 0.0, "percent_covered_display": "0", "missing_lines": 4, "excluded_lines": 0, "percent_statements_covered": 0.0, "percent_statements_covered_display": "0"}, "missing_lines": [1147, 1150, 1151, 1152], "excluded_lines": []}, "VotingView.get_voting_data": {"executed_lines": [], "summary": {"covered_lines": 0, "num_statements": 1, "percent_covered": 0.0, "percent_covered_display": "0", "missing_lines": 1, "excluded_lines": 0, "percent_statements_covered": 0.0, "percent_statements_covered_display": "0"}, "missing_lines": [1156], "excluded_lines": []}, "": {"executed_lines": [], "summary": {"covered_lines": 0, "num_statements": 44, "percent_covered": 0.0, "percent_covered_display": "0", "missing_lines": 44, "excluded_lines": 0, "percent_statements_covered": 0.0, "percent_statements_covered_display": "0"}, "missing_lines": [6, 7, 8, 9, 10, 11, 12, 15, 21, 92, 111, 144, 190, 225, 237, 305, 341, 375, 430, 446, 471, 515, 533, 613, 637, 676, 709, 743, 759, 788, 810, 845, 891, 897, 903, 914, 943, 971, 1098, 1104, 1111, 1121, 1144, 1154], "excluded_lines": []}}, "classes": {"VotingView": {"executed_lines": [], "summary": {"covered_lines": 0, "num_statements": 627, "percent_covered": 0.0, "percent_covered_display": "0", "missing_lines": 627, "excluded_lines": 0, "percent_statements_covered": 0.0, "percent_statements_covered_display": "0"}, "missing_lines": [22, 23, 24, 25, 28, 33, 34, 35, 36, 37, 40, 41, 42, 43, 46, 47, 48, 51, 52, 53, 54, 57, 58, 59, 60, 61, 62, 63, 64, 65, 66, 69, 70, 71, 72, 73, 74, 76, 77, 78, 79, 82, 85, 86, 89, 90, 95, 98, 99, 102, 105, 108, 109, 113, 115, 116, 118, 121, 122, 125, 130, 131, 132, 133, 136, 137, 138, 139, 142, 147, 148, 149, 150, 152, 153, 156, 157, 158, 160, 164, 166, 167, 168, 169, 170, 171, 173, 174, 175, 176, 178, 179, 180, 182, 184, 186, 187, 188, 192, 195, 196, 199, 200, 203, 204, 207, 208, 209, 210, 213, 214, 215, 216, 217, 220, 222, 227, 228, 231, 232, 233, 234, 235, 239, 241, 242, 244, 247, 248, 251, 252, 253, 254, 257, 260, 261, 263, 264, 266, 267, 268, 269, 272, 275, 276, 277, 278, 281, 284, 285, 286, 289, 290, 291, 294, 295, 297, 300, 303, 307, 309, 310, 313, 314, 315, 318, 319, 321, 322, 323, 326, 327, 328, 331, 332, 335, 338, 339, 343, 344, 346, 347, 350, 351, 352, 355, 356, 357, 358, 361, 362, 365, 369, 370, 371, 373, 384, 385, 388, 389, 394, 395, 396, 397, 398, 401, 402, 409, 410, 412, 413, 414, 417, 419, 420, 422, 425, 428, 432, 433, 434, 435, 436, 438, 440, 441, 442, 444, 448, 449, 450, 451, 454, 455, 456, 459, 461, 465, 466, 467, 469, 473, 475, 476, 478, 480, 481, 482, 484, 487, 488, 489, 492, 493, 495, 496, 497, 500, 501, 502, 505, 506, 509, 512, 513, 518, 519, 520, 521, 524, 525, 526, 527, 530, 535, 537, 538, 540, 543, 544, 545, 546, 549, 550, 553, 554, 555, 558, 559, 560, 562, 566, 568, 569, 571, 572, 573, 574, 575, 576, 578, 579, 580, 582, 583, 584, 586, 587, 588, 590, 592, 594, 595, 596, 599, 602, 603, 604, 606, 607, 609, 610, 611, 617, 619, 623, 624, 627, 628, 629, 634, 635, 639, 641, 642, 644, 645, 646, 649, 651, 652, 653, 656, 657, 658, 660, 661, 662, 663, 665, 666, 667, 671, 672, 674, 678, 679, 681, 682, 685, 686, 687, 690, 691, 692, 693, 696, 697, 700, 703, 704, 705, 707, 711, 712, 715, 716, 717, 718, 719, 720, 722, 723, 725, 726, 727, 730, 732, 733, 735, 738, 741, 745, 746, 747, 748, 749, 751, 753, 754, 755, 757, 761, 762, 763, 764, 767, 771, 772, 773, 776, 778, 782, 783, 784, 786, 790, 791, 794, 798, 801, 802, 805, 806, 808, 812, 815, 816, 817, 818, 821, 822, 833, 835, 836, 837, 840, 841, 842, 843, 847, 848, 851, 852, 853, 854, 855, 858, 859, 860, 863, 864, 868, 869, 870, 871, 874, 875, 876, 877, 880, 881, 882, 883, 886, 887, 888, 889, 893, 894, 895, 899, 900, 901, 905, 906, 907, 908, 910, 911, 912, 916, 917, 920, 921, 922, 925, 926, 927, 928, 930, 931, 934, 939, 945, 946, 948, 949, 950, 951, 952, 953, 954, 955, 957, 958, 959, 961, 962, 963, 964, 965, 966, 967, 969, 973, 976, 977, 980, 981, 982, 983, 984, 986, 988, 989, 991, 994, 995, 998, 999, 1000, 1001, 1006, 1009, 1010, 1011, 1012, 1015, 1016, 1019, 1020, 1022, 1025, 1027, 1028, 1029, 1032, 1033, 1034, 1035, 1037, 1039, 1040, 1041, 1044, 1045, 1046, 1047, 1048, 1049, 1050, 1052, 1053, 1054, 1055, 1056, 1057, 1058, 1059, 1062, 1064, 1065, 1066, 1069, 1070, 1071, 1072, 1074, 1076, 1077, 1078, 1081, 1082, 1083, 1084, 1085, 1086, 1087, 1089, 1090, 1091, 1092, 1093, 1094, 1095, 1096, 1100, 1101, 1102, 1106, 1107, 1108, 1109, 1113, 1115, 1116, 1118, 1119, 1123, 1125, 1126, 1128, 1131, 1133, 1134, 1135, 1136, 1137, 1140, 1141, 1142, 1147, 1150, 1151, 1152, 1156], "excluded_lines": []}, "": {"executed_lines": [], "summary": {"covered_lines": 0, "num_statements": 44, "percent_covered": 0.0, "percent_covered_display": "0", "missing_lines": 44, "excluded_lines": 0, "percent_statements_covered": 0.0, "percent_statements_covered_display": "0"}, "missing_lines": [6, 7, 8, 9, 10, 11, 12, 15, 21, 92, 111, 144, 190, 225, 237, 305, 341, 375, 430, 446, 471, 515, 533, 613, 637, 676, 709, 743, 759, 788, 810, 845, 891, 897, 903, 914, 943, 971, 1098, 1104, 1111, 1121, 1144, 1154], "excluded_lines": []}}}}, "totals": {"covered_lines": 2916, "num_statements": 7630, "percent_covered": 38.217562254259505, "percent_covered_display": "38", "missing_lines": 4714, "excluded_lines": 35, "percent_statements_covered": 38.217562254259505, "percent_statements_covered_display": "38"}}